#
# There is insufficient memory for the Java Runtime Environment to continue.
# Native memory allocation (mmap) failed to map 230686720 bytes. Error detail: G1 virtual space
# Possible reasons:
#   The system is out of physical RAM or swap space
#   This process is running with CompressedOops enabled, and the Java Heap may be blocking the growth of the native heap
# Possible solutions:
#   Reduce memory load on the system
#   Increase physical memory or swap space
#   Check if swap backing store is full
#   Decrease Java heap size (-Xmx/-Xms)
#   Decrease number of Java threads
#   Decrease Java thread stack sizes (-Xss)
#   Set larger code cache with -XX:ReservedCodeCacheSize=
#   JVM is running with Unscaled Compressed Oops mode in which the Java heap is
#     placed in the first 4GB address space. The Java Heap base address is the
#     maximum limit for the native heap growth. Please use -XX:HeapBaseMinAddress
#     to set the Java Heap base and to place the Java Heap above 4GB virtual address.
# This output file may be truncated or incomplete.
#
#  Out of Memory Error (os_windows.cpp:3825), pid=10384, tid=4556
#
# JRE version: OpenJDK Runtime Environment (17.0.11) (build 17.0.11+0--11852314)
# Java VM: OpenJDK 64-Bit Server VM (17.0.11+0--11852314, mixed mode, tiered, compressed oops, compressed class ptrs, g1 gc, windows-amd64)
# No core dump will be written. Minidumps are not enabled by default on client versions of Windows
#

---------------  S U M M A R Y ------------

Command Line: --add-opens=java.base/java.util=ALL-UNNAMED --add-opens=java.base/java.lang=ALL-UNNAMED --add-opens=java.base/java.lang.invoke=ALL-UNNAMED --add-opens=java.prefs/java.util.prefs=ALL-UNNAMED --add-exports=jdk.compiler/com.sun.tools.javac.api=ALL-UNNAMED --add-exports=jdk.compiler/com.sun.tools.javac.util=ALL-UNNAMED --add-opens=java.base/java.nio.charset=ALL-UNNAMED --add-opens=java.base/java.net=ALL-UNNAMED --add-opens=java.base/java.util.concurrent.atomic=ALL-UNNAMED -Xmx2048m -Dfile.encoding=UTF-8 -Duser.country=US -Duser.language=en -Duser.variant -javaagent:C:\Users\HP\.gradle\wrapper\dists\gradle-8.9-bin\90cnw93cvbtalezasaz0blq0a\gradle-8.9\lib\agents\gradle-instrumentation-agent-8.9.jar org.gradle.launcher.daemon.bootstrap.GradleDaemon 8.9

Host: 11th Gen Intel(R) Core(TM) i3-1125G4 @ 2.00GHz, 8 cores, 3G,  Windows 11 , 64 bit Build 22621 (10.0.22621.3958)
Time: Mon Nov  4 13:51:30 2024 SE Asia Standard Time elapsed time: 45.024570 seconds (0d 0h 0m 45s)

---------------  T H R E A D  ---------------

Current thread (0x00000184bfefccb0):  VMThread "VM Thread" [stack: 0x0000003f3af00000,0x0000003f3b000000] [id=4556]

Stack: [0x0000003f3af00000,0x0000003f3b000000]
Native frames: (J=compiled Java code, j=interpreted, Vv=VM code, C=native code)
V  [jvm.dll+0x687bb9]
V  [jvm.dll+0x84142a]
V  [jvm.dll+0x8430ae]
V  [jvm.dll+0x843713]
V  [jvm.dll+0x24a35f]
V  [jvm.dll+0x684989]
V  [jvm.dll+0x67923a]
V  [jvm.dll+0x30af0b]
V  [jvm.dll+0x3123b6]
V  [jvm.dll+0x361dfe]
V  [jvm.dll+0x36202f]
V  [jvm.dll+0x2e0d38]
V  [jvm.dll+0x2df144]
V  [jvm.dll+0x2de74c]
V  [jvm.dll+0x32305b]
V  [jvm.dll+0x847e0b]
V  [jvm.dll+0x848b42]
V  [jvm.dll+0x84905d]
V  [jvm.dll+0x849434]
V  [jvm.dll+0x849500]
V  [jvm.dll+0x7efa4a]
V  [jvm.dll+0x686a35]
C  [ucrtbase.dll+0x29333]
C  [KERNEL32.DLL+0x1257d]
C  [ntdll.dll+0x5af08]

VM_Operation (0x0000003f3f5fa980): G1CollectForAllocation, mode: safepoint, requested by thread 0x00000184c8ee2460


---------------  P R O C E S S  ---------------

Threads class SMR info:
_java_thread_list=0x00000184c7893740, length=59, elements={
0x00000184a60d3eb0, 0x00000184bff43020, 0x00000184bff439f0, 0x00000184bff1d5c0,
0x00000184bff1dba0, 0x00000184c0091420, 0x00000184c0091cf0, 0x00000184c00928f0,
0x00000184c00936c0, 0x00000184c009f4e0, 0x00000184bfeab210, 0x00000184c02dcac0,
0x00000184c5d3cca0, 0x00000184c61a4bc0, 0x00000184c61df910, 0x00000184c6241060,
0x00000184c6264340, 0x00000184c6169420, 0x00000184c6169930, 0x00000184c6167ad0,
0x00000184c6166180, 0x00000184c6167fe0, 0x00000184c6166690, 0x00000184c61684f0,
0x00000184c6166ba0, 0x00000184c61670b0, 0x00000184c61675c0, 0x00000184c6168a00,
0x00000184c6168f10, 0x00000184c64ac000, 0x00000184c64aa1a0, 0x00000184c64a9270,
0x00000184c64a9780, 0x00000184c64a8850, 0x00000184c64a8d60, 0x00000184c64aa6b0,
0x00000184c64ac510, 0x00000184c64acf30, 0x00000184c64aabc0, 0x00000184c64a9c90,
0x00000184c64ae880, 0x00000184c64af2a0, 0x00000184c64aca20, 0x00000184c64ab5e0,
0x00000184c64ad950, 0x00000184c64ad440, 0x00000184c64ade60, 0x00000184c64a7e30,
0x00000184c64af7b0, 0x00000184c64ae370, 0x00000184c64a8340, 0x00000184c8ee1530,
0x00000184c8ee2e80, 0x00000184c8ee1f50, 0x00000184c8ee00f0, 0x00000184c8ee2460,
0x00000184c8ee3390, 0x00000184c8ee7050, 0x00000184c8ee6630
}

Java Threads: ( => current thread )
  0x00000184a60d3eb0 JavaThread "main" [_thread_blocked, id=9244, stack(0x0000003f3a900000,0x0000003f3aa00000)]
  0x00000184bff43020 JavaThread "Reference Handler" daemon [_thread_blocked, id=3332, stack(0x0000003f3b000000,0x0000003f3b100000)]
  0x00000184bff439f0 JavaThread "Finalizer" daemon [_thread_blocked, id=16352, stack(0x0000003f3b100000,0x0000003f3b200000)]
  0x00000184bff1d5c0 JavaThread "Signal Dispatcher" daemon [_thread_blocked, id=4320, stack(0x0000003f3b200000,0x0000003f3b300000)]
  0x00000184bff1dba0 JavaThread "Attach Listener" daemon [_thread_blocked, id=14492, stack(0x0000003f3b300000,0x0000003f3b400000)]
  0x00000184c0091420 JavaThread "Service Thread" daemon [_thread_blocked, id=18628, stack(0x0000003f3b400000,0x0000003f3b500000)]
  0x00000184c0091cf0 JavaThread "Monitor Deflation Thread" daemon [_thread_blocked, id=20324, stack(0x0000003f3b500000,0x0000003f3b600000)]
  0x00000184c00928f0 JavaThread "C2 CompilerThread0" daemon [_thread_blocked, id=18980, stack(0x0000003f3b600000,0x0000003f3b700000)]
  0x00000184c00936c0 JavaThread "C1 CompilerThread0" daemon [_thread_blocked, id=14772, stack(0x0000003f3b700000,0x0000003f3b800000)]
  0x00000184c009f4e0 JavaThread "Sweeper thread" daemon [_thread_blocked, id=8908, stack(0x0000003f3b800000,0x0000003f3b900000)]
  0x00000184bfeab210 JavaThread "Common-Cleaner" daemon [_thread_blocked, id=19472, stack(0x0000003f3b900000,0x0000003f3ba00000)]
  0x00000184c02dcac0 JavaThread "Notification Thread" daemon [_thread_blocked, id=15272, stack(0x0000003f3ba00000,0x0000003f3bb00000)]
  0x00000184c5d3cca0 JavaThread "Daemon health stats" [_thread_blocked, id=11040, stack(0x0000003f3c100000,0x0000003f3c200000)]
  0x00000184c61a4bc0 JavaThread "Incoming local TCP Connector on port 53660" [_thread_in_native, id=9936, stack(0x0000003f3c200000,0x0000003f3c300000)]
  0x00000184c61df910 JavaThread "Daemon periodic checks" [_thread_blocked, id=19148, stack(0x0000003f3c300000,0x0000003f3c400000)]
  0x00000184c6241060 JavaThread "Daemon" [_thread_blocked, id=6508, stack(0x0000003f3c400000,0x0000003f3c500000)]
  0x00000184c6264340 JavaThread "Handler for socket connection from /127.0.0.1:53660 to /127.0.0.1:53661" [_thread_in_native, id=2444, stack(0x0000003f3c500000,0x0000003f3c600000)]
  0x00000184c6169420 JavaThread "Cancel handler" [_thread_blocked, id=11600, stack(0x0000003f3c600000,0x0000003f3c700000)]
  0x00000184c6169930 JavaThread "Daemon worker" [_thread_blocked, id=14204, stack(0x0000003f3c700000,0x0000003f3c800000)]
  0x00000184c6167ad0 JavaThread "Asynchronous log dispatcher for DefaultDaemonConnection: socket connection from /127.0.0.1:53660 to /127.0.0.1:53661" [_thread_blocked, id=5012, stack(0x0000003f3c800000,0x0000003f3c900000)]
  0x00000184c6166180 JavaThread "Stdin handler" [_thread_blocked, id=20060, stack(0x0000003f3c900000,0x0000003f3ca00000)]
  0x00000184c6167fe0 JavaThread "Daemon client event forwarder" [_thread_blocked, id=12396, stack(0x0000003f3ca00000,0x0000003f3cb00000)]
  0x00000184c6166690 JavaThread "Cache worker for journal cache (C:\Users\HP\.gradle\caches\journal-1)" [_thread_blocked, id=17880, stack(0x0000003f3ce00000,0x0000003f3cf00000)]
  0x00000184c61684f0 JavaThread "File lock request listener" [_thread_in_native, id=11488, stack(0x0000003f3cf00000,0x0000003f3d000000)]
  0x00000184c6166ba0 JavaThread "Cache worker for file hash cache (C:\Users\HP\.gradle\caches\8.9\fileHashes)" [_thread_blocked, id=10036, stack(0x0000003f3d000000,0x0000003f3d100000)]
  0x00000184c61670b0 JavaThread "Cache worker for file hash cache (C:\Users\HP\AndroidStudioProjects\RecyclerViewApp\.gradle\8.9\fileHashes)" [_thread_blocked, id=7624, stack(0x0000003f3d100000,0x0000003f3d200000)]
  0x00000184c61675c0 JavaThread "Cache worker for Build Output Cleanup Cache (C:\Users\HP\AndroidStudioProjects\RecyclerViewApp\.gradle\buildOutputCleanup)" [_thread_blocked, id=4416, stack(0x0000003f3d200000,0x0000003f3d300000)]
  0x00000184c6168a00 JavaThread "File watcher server" daemon [_thread_in_native, id=19568, stack(0x0000003f3d300000,0x0000003f3d400000)]
  0x00000184c6168f10 JavaThread "File watcher consumer" daemon [_thread_blocked, id=10412, stack(0x0000003f3d400000,0x0000003f3d500000)]
  0x00000184c64ac000 JavaThread "jar transforms" [_thread_blocked, id=7500, stack(0x0000003f3d500000,0x0000003f3d600000)]
  0x00000184c64aa1a0 JavaThread "jar transforms Thread 2" [_thread_blocked, id=3384, stack(0x0000003f3d600000,0x0000003f3d700000)]
  0x00000184c64a9270 JavaThread "jar transforms Thread 3" [_thread_blocked, id=12480, stack(0x0000003f3d700000,0x0000003f3d800000)]
  0x00000184c64a9780 JavaThread "jar transforms Thread 4" [_thread_blocked, id=11216, stack(0x0000003f3d800000,0x0000003f3d900000)]
  0x00000184c64a8850 JavaThread "jar transforms Thread 5" [_thread_blocked, id=14832, stack(0x0000003f3d900000,0x0000003f3da00000)]
  0x00000184c64a8d60 JavaThread "jar transforms Thread 6" [_thread_blocked, id=20388, stack(0x0000003f3da00000,0x0000003f3db00000)]
  0x00000184c64aa6b0 JavaThread "jar transforms Thread 7" [_thread_blocked, id=2260, stack(0x0000003f3db00000,0x0000003f3dc00000)]
  0x00000184c64ac510 JavaThread "jar transforms Thread 8" [_thread_blocked, id=9840, stack(0x0000003f3dc00000,0x0000003f3dd00000)]
  0x00000184c64acf30 JavaThread "Cache worker for checksums cache (C:\Users\HP\AndroidStudioProjects\RecyclerViewApp\.gradle\8.9\checksums)" [_thread_blocked, id=20072, stack(0x0000003f3dd00000,0x0000003f3de00000)]
  0x00000184c64aabc0 JavaThread "Cache worker for file content cache (C:\Users\HP\.gradle\caches\8.9\fileContent)" [_thread_blocked, id=17640, stack(0x0000003f3de00000,0x0000003f3df00000)]
  0x00000184c64a9c90 JavaThread "Cache worker for cache directory md-rule (C:\Users\HP\.gradle\caches\8.9\md-rule)" [_thread_blocked, id=18784, stack(0x0000003f3df00000,0x0000003f3e000000)]
  0x00000184c64ae880 JavaThread "Cache worker for cache directory md-supplier (C:\Users\HP\.gradle\caches\8.9\md-supplier)" [_thread_blocked, id=14116, stack(0x0000003f3e000000,0x0000003f3e100000)]
  0x00000184c64af2a0 JavaThread "Unconstrained build operations" [_thread_blocked, id=13952, stack(0x0000003f3e100000,0x0000003f3e200000)]
  0x00000184c64aca20 JavaThread "Unconstrained build operations Thread 2" [_thread_blocked, id=19760, stack(0x0000003f3e200000,0x0000003f3e300000)]
  0x00000184c64ab5e0 JavaThread "Unconstrained build operations Thread 3" [_thread_blocked, id=15544, stack(0x0000003f3e300000,0x0000003f3e400000)]
  0x00000184c64ad950 JavaThread "Unconstrained build operations Thread 4" [_thread_blocked, id=16372, stack(0x0000003f3e400000,0x0000003f3e500000)]
  0x00000184c64ad440 JavaThread "Unconstrained build operations Thread 5" [_thread_blocked, id=11092, stack(0x0000003f3e700000,0x0000003f3e800000)]
  0x00000184c64ade60 JavaThread "Unconstrained build operations Thread 6" [_thread_blocked, id=15668, stack(0x0000003f3e800000,0x0000003f3e900000)]
  0x00000184c64a7e30 JavaThread "Unconstrained build operations Thread 7" [_thread_blocked, id=17856, stack(0x0000003f3e900000,0x0000003f3ea00000)]
  0x00000184c64af7b0 JavaThread "Unconstrained build operations Thread 8" [_thread_blocked, id=8892, stack(0x0000003f3ea00000,0x0000003f3eb00000)]
  0x00000184c64ae370 JavaThread "Unconstrained build operations Thread 9" [_thread_blocked, id=4040, stack(0x0000003f3eb00000,0x0000003f3ec00000)]
  0x00000184c64a8340 JavaThread "Unconstrained build operations Thread 10" [_thread_blocked, id=16672, stack(0x0000003f3ec00000,0x0000003f3ed00000)]
  0x00000184c8ee1530 JavaThread "Unconstrained build operations Thread 11" [_thread_blocked, id=8332, stack(0x0000003f3ed00000,0x0000003f3ee00000)]
  0x00000184c8ee2e80 JavaThread "Unconstrained build operations Thread 12" [_thread_blocked, id=12272, stack(0x0000003f3f200000,0x0000003f3f300000)]
  0x00000184c8ee1f50 JavaThread "Unconstrained build operations Thread 13" [_thread_blocked, id=17412, stack(0x0000003f3f300000,0x0000003f3f400000)]
  0x00000184c8ee00f0 JavaThread "Unconstrained build operations Thread 14" [_thread_blocked, id=18856, stack(0x0000003f3f400000,0x0000003f3f500000)]
  0x00000184c8ee2460 JavaThread "Unconstrained build operations Thread 15" [_thread_blocked, id=18260, stack(0x0000003f3f500000,0x0000003f3f600000)]
  0x00000184c8ee3390 JavaThread "Unconstrained build operations Thread 16" [_thread_blocked, id=19460, stack(0x0000003f3f600000,0x0000003f3f700000)]
  0x00000184c8ee7050 JavaThread "Unconstrained build operations Thread 17" [_thread_blocked, id=20184, stack(0x0000003f3f700000,0x0000003f3f800000)]
  0x00000184c8ee6630 JavaThread "Unconstrained build operations Thread 18" [_thread_blocked, id=12540, stack(0x0000003f3f800000,0x0000003f3f900000)]

Other Threads:
=>0x00000184bfefccb0 VMThread "VM Thread" [stack: 0x0000003f3af00000,0x0000003f3b000000] [id=4556]
  0x00000184c0367440 WatcherThread [stack: 0x0000003f3bb00000,0x0000003f3bc00000] [id=2268]
  0x00000184a612fa80 GCTaskThread "GC Thread#0" [stack: 0x0000003f3aa00000,0x0000003f3ab00000] [id=16124]
  0x00000184c05858a0 GCTaskThread "GC Thread#1" [stack: 0x0000003f3bc00000,0x0000003f3bd00000] [id=13080]
  0x00000184c0853590 GCTaskThread "GC Thread#2" [stack: 0x0000003f3bd00000,0x0000003f3be00000] [id=3632]
  0x00000184c532b060 GCTaskThread "GC Thread#3" [stack: 0x0000003f3be00000,0x0000003f3bf00000] [id=11276]
  0x00000184c55a8150 GCTaskThread "GC Thread#4" [stack: 0x0000003f3bf00000,0x0000003f3c000000] [id=10396]
  0x00000184c59e9c70 GCTaskThread "GC Thread#5" [stack: 0x0000003f3c000000,0x0000003f3c100000] [id=17732]
  0x00000184c61de610 GCTaskThread "GC Thread#6" [stack: 0x0000003f3cb00000,0x0000003f3cc00000] [id=14456]
  0x00000184c5ab1460 GCTaskThread "GC Thread#7" [stack: 0x0000003f3cc00000,0x0000003f3cd00000] [id=7848]
  0x00000184a3fbdf90 ConcurrentGCThread "G1 Main Marker" [stack: 0x0000003f3ab00000,0x0000003f3ac00000] [id=12492]
  0x00000184a3fbe760 ConcurrentGCThread "G1 Conc#0" [stack: 0x0000003f3ac00000,0x0000003f3ad00000] [id=17676]
  0x00000184c63efa30 ConcurrentGCThread "G1 Conc#1" [stack: 0x0000003f3cd00000,0x0000003f3ce00000] [id=14488]
  0x00000184a617e9a0 ConcurrentGCThread "G1 Refine#0" [stack: 0x0000003f3ad00000,0x0000003f3ae00000] [id=3348]
  0x00000184c694db80 ConcurrentGCThread "G1 Refine#1" [stack: 0x0000003f3ee00000,0x0000003f3ef00000] [id=18120]
  0x00000184c82ab5b0 ConcurrentGCThread "G1 Refine#2" [stack: 0x0000003f3ef00000,0x0000003f3f000000] [id=17156]
  0x00000184c82aa9f0 ConcurrentGCThread "G1 Refine#3" [stack: 0x0000003f3f000000,0x0000003f3f100000] [id=15092]
  0x00000184c82a8f80 ConcurrentGCThread "G1 Refine#4" [stack: 0x0000003f3f100000,0x0000003f3f200000] [id=12716]
  0x00000184c82ac750 ConcurrentGCThread "G1 Refine#5" [stack: 0x0000003f3f900000,0x0000003f3fa00000] [id=20216]
  0x00000184c82aafd0 ConcurrentGCThread "G1 Refine#6" [stack: 0x0000003f3fa00000,0x0000003f3fb00000] [id=18420]
  0x00000184c82a9560 ConcurrentGCThread "G1 Refine#7" [stack: 0x0000003f3fb00000,0x0000003f3fc00000] [id=18744]
  0x00000184bfd728a0 ConcurrentGCThread "G1 Service" [stack: 0x0000003f3ae00000,0x0000003f3af00000] [id=3756]

Threads with active compile tasks:
C2 CompilerThread0    45068 7878       4       java.util.TimSort::sort (229 bytes)
C1 CompilerThread0    45068 7966       2       org.objectweb.asm.ClassReader::readMethod (1070 bytes)

VM state: at safepoint (normal execution)

VM Mutex/Monitor currently owned by a thread:  ([mutex/lock_event])
[0x00000184a60cfd90] Threads_lock - owner thread: 0x00000184bfefccb0
[0x00000184a60cff40] Heap_lock - owner thread: 0x00000184c8ee2460

Heap address: 0x0000000080000000, size: 2048 MB, Compressed Oops mode: 32-bit

CDS archive(s) not mapped
Compressed class space mapped at: 0x0000000100000000-0x0000000140000000, reserved size: 1073741824
Narrow klass base: 0x0000000000000000, Narrow klass shift: 3, Narrow klass range: 0x140000000

GC Precious Log:
 CPUs: 8 total, 8 available
 Memory: 3861M
 Large Page Support: Disabled
 NUMA Support: Disabled
 Compressed Oops: Enabled (32-bit)
 Heap Region Size: 1M
 Heap Min Capacity: 8M
 Heap Initial Capacity: 62M
 Heap Max Capacity: 2G
 Pre-touch: Disabled
 Parallel Workers: 8
 Concurrent Workers: 2
 Concurrent Refinement Workers: 8
 Periodic GC: Disabled

Heap:
 garbage-first heap   total 278528K, used 163661K [0x0000000080000000, 0x0000000100000000)
  region size 1024K, 8 young (8192K), 8 survivors (8192K)
 Metaspace       used 60294K, committed 60864K, reserved 1114112K
  class space    used 8196K, committed 8448K, reserved 1048576K

Heap Regions: E=young(eden), S=young(survivor), O=old, HS=humongous(starts), HC=humongous(continues), CS=collection set, F=free, OA=open archive, CA=closed archive, TAMS=top-at-mark-start (previous, next)
|   0|0x0000000080000000, 0x0000000080100000, 0x0000000080100000|100%|HS|  |TAMS 0x0000000080100000, 0x0000000080100000| Complete 
|   1|0x0000000080100000, 0x0000000080200000, 0x0000000080200000|100%|HC|  |TAMS 0x0000000080200000, 0x0000000080200000| Complete 
|   2|0x0000000080200000, 0x0000000080300000, 0x0000000080300000|100%|HC|  |TAMS 0x0000000080300000, 0x0000000080300000| Complete 
|   3|0x0000000080300000, 0x0000000080400000, 0x0000000080400000|100%|HC|  |TAMS 0x0000000080400000, 0x0000000080400000| Complete 
|   4|0x0000000080400000, 0x0000000080500000, 0x0000000080500000|100%| O|  |TAMS 0x0000000080500000, 0x0000000080500000| Untracked 
|   5|0x0000000080500000, 0x0000000080600000, 0x0000000080600000|100%| O|  |TAMS 0x0000000080600000, 0x0000000080600000| Untracked 
|   6|0x0000000080600000, 0x0000000080700000, 0x0000000080700000|100%| O|  |TAMS 0x0000000080700000, 0x0000000080700000| Untracked 
|   7|0x0000000080700000, 0x0000000080800000, 0x0000000080800000|100%| O|  |TAMS 0x0000000080800000, 0x0000000080800000| Untracked 
|   8|0x0000000080800000, 0x0000000080900000, 0x0000000080900000|100%| O|  |TAMS 0x0000000080900000, 0x0000000080900000| Untracked 
|   9|0x0000000080900000, 0x0000000080a00000, 0x0000000080a00000|100%| O|  |TAMS 0x0000000080a00000, 0x0000000080a00000| Untracked 
|  10|0x0000000080a00000, 0x0000000080b00000, 0x0000000080b00000|100%| O|  |TAMS 0x0000000080b00000, 0x0000000080b00000| Untracked 
|  11|0x0000000080b00000, 0x0000000080c00000, 0x0000000080c00000|100%|HS|  |TAMS 0x0000000080c00000, 0x0000000080c00000| Complete 
|  12|0x0000000080c00000, 0x0000000080d00000, 0x0000000080d00000|100%| O|  |TAMS 0x0000000080d00000, 0x0000000080d00000| Untracked 
|  13|0x0000000080d00000, 0x0000000080e00000, 0x0000000080e00000|100%| O|  |TAMS 0x0000000080e00000, 0x0000000080e00000| Untracked 
|  14|0x0000000080e00000, 0x0000000080f00000, 0x0000000080f00000|100%| O|  |TAMS 0x0000000080f00000, 0x0000000080f00000| Untracked 
|  15|0x0000000080f00000, 0x0000000081000000, 0x0000000081000000|100%| O|  |TAMS 0x0000000081000000, 0x0000000081000000| Untracked 
|  16|0x0000000081000000, 0x0000000081100000, 0x0000000081100000|100%| O|  |TAMS 0x0000000081100000, 0x0000000081100000| Untracked 
|  17|0x0000000081100000, 0x0000000081200000, 0x0000000081200000|100%| O|  |TAMS 0x0000000081200000, 0x0000000081200000| Untracked 
|  18|0x0000000081200000, 0x0000000081300000, 0x0000000081300000|100%| O|  |TAMS 0x0000000081300000, 0x0000000081300000| Untracked 
|  19|0x0000000081300000, 0x0000000081400000, 0x0000000081400000|100%| O|  |TAMS 0x0000000081400000, 0x0000000081400000| Untracked 
|  20|0x0000000081400000, 0x0000000081500000, 0x0000000081500000|100%| O|  |TAMS 0x0000000081500000, 0x0000000081500000| Untracked 
|  21|0x0000000081500000, 0x0000000081600000, 0x0000000081600000|100%| O|  |TAMS 0x0000000081600000, 0x0000000081600000| Untracked 
|  22|0x0000000081600000, 0x0000000081700000, 0x0000000081700000|100%| O|  |TAMS 0x0000000081700000, 0x0000000081700000| Untracked 
|  23|0x0000000081700000, 0x0000000081800000, 0x0000000081800000|100%|HS|  |TAMS 0x0000000081800000, 0x0000000081800000| Complete 
|  24|0x0000000081800000, 0x0000000081900000, 0x0000000081900000|100%|HC|  |TAMS 0x0000000081900000, 0x0000000081900000| Complete 
|  25|0x0000000081900000, 0x0000000081a00000, 0x0000000081a00000|100%|HC|  |TAMS 0x0000000081a00000, 0x0000000081a00000| Complete 
|  26|0x0000000081a00000, 0x0000000081b00000, 0x0000000081b00000|100%|HC|  |TAMS 0x0000000081b00000, 0x0000000081b00000| Complete 
|  27|0x0000000081b00000, 0x0000000081c00000, 0x0000000081c00000|100%|HC|  |TAMS 0x0000000081c00000, 0x0000000081c00000| Complete 
|  28|0x0000000081c00000, 0x0000000081d00000, 0x0000000081d00000|100%|HS|  |TAMS 0x0000000081d00000, 0x0000000081d00000| Complete 
|  29|0x0000000081d00000, 0x0000000081e00000, 0x0000000081e00000|100%|HC|  |TAMS 0x0000000081e00000, 0x0000000081e00000| Complete 
|  30|0x0000000081e00000, 0x0000000081f00000, 0x0000000081f00000|100%|HC|  |TAMS 0x0000000081f00000, 0x0000000081f00000| Complete 
|  31|0x0000000081f00000, 0x0000000082000000, 0x0000000082000000|100%|HS|  |TAMS 0x0000000082000000, 0x0000000082000000| Complete 
|  32|0x0000000082000000, 0x0000000082100000, 0x0000000082100000|100%|HC|  |TAMS 0x0000000082100000, 0x0000000082100000| Complete 
|  33|0x0000000082100000, 0x0000000082200000, 0x0000000082200000|100%|HC|  |TAMS 0x0000000082200000, 0x0000000082200000| Complete 
|  34|0x0000000082200000, 0x0000000082300000, 0x0000000082300000|100%| O|  |TAMS 0x0000000082300000, 0x0000000082300000| Untracked 
|  35|0x0000000082300000, 0x0000000082400000, 0x0000000082400000|100%| O|  |TAMS 0x0000000082400000, 0x0000000082400000| Untracked 
|  36|0x0000000082400000, 0x0000000082500000, 0x0000000082500000|100%|HS|  |TAMS 0x0000000082500000, 0x0000000082500000| Complete 
|  37|0x0000000082500000, 0x0000000082600000, 0x0000000082600000|100%| O|  |TAMS 0x0000000082600000, 0x0000000082600000| Untracked 
|  38|0x0000000082600000, 0x0000000082700000, 0x0000000082700000|100%| O|  |TAMS 0x0000000082700000, 0x0000000082700000| Untracked 
|  39|0x0000000082700000, 0x0000000082800000, 0x0000000082800000|100%| O|  |TAMS 0x0000000082800000, 0x0000000082800000| Untracked 
|  40|0x0000000082800000, 0x0000000082900000, 0x0000000082900000|100%| O|  |TAMS 0x0000000082900000, 0x0000000082900000| Untracked 
|  41|0x0000000082900000, 0x0000000082a00000, 0x0000000082a00000|100%| O|  |TAMS 0x0000000082a00000, 0x0000000082a00000| Untracked 
|  42|0x0000000082a00000, 0x0000000082b00000, 0x0000000082b00000|100%| O|  |TAMS 0x0000000082b00000, 0x0000000082b00000| Untracked 
|  43|0x0000000082b00000, 0x0000000082c00000, 0x0000000082c00000|100%| O|  |TAMS 0x0000000082c00000, 0x0000000082c00000| Untracked 
|  44|0x0000000082c00000, 0x0000000082d00000, 0x0000000082d00000|100%| O|  |TAMS 0x0000000082d00000, 0x0000000082d00000| Untracked 
|  45|0x0000000082d00000, 0x0000000082e00000, 0x0000000082e00000|100%| O|  |TAMS 0x0000000082e00000, 0x0000000082e00000| Untracked 
|  46|0x0000000082e00000, 0x0000000082f00000, 0x0000000082f00000|100%| O|  |TAMS 0x0000000082f00000, 0x0000000082f00000| Untracked 
|  47|0x0000000082f00000, 0x0000000083000000, 0x0000000083000000|100%|HS|  |TAMS 0x0000000082f00000, 0x0000000083000000| Complete 
|  48|0x0000000083000000, 0x0000000083100000, 0x0000000083100000|100%|HC|  |TAMS 0x0000000083000000, 0x0000000083100000| Complete 
|  49|0x0000000083100000, 0x0000000083200000, 0x0000000083200000|100%|HC|  |TAMS 0x0000000083100000, 0x0000000083200000| Complete 
|  50|0x0000000083200000, 0x0000000083300000, 0x0000000083300000|100%| O|  |TAMS 0x0000000083300000, 0x0000000083300000| Untracked 
|  51|0x0000000083300000, 0x0000000083400000, 0x0000000083400000|100%| O|  |TAMS 0x0000000083400000, 0x0000000083400000| Untracked 
|  52|0x0000000083400000, 0x0000000083500000, 0x0000000083500000|100%| O|  |TAMS 0x0000000083500000, 0x0000000083500000| Untracked 
|  53|0x0000000083500000, 0x0000000083600000, 0x0000000083600000|100%| O|  |TAMS 0x0000000083500000, 0x0000000083600000| Untracked 
|  54|0x0000000083600000, 0x0000000083700000, 0x0000000083700000|100%| O|  |TAMS 0x0000000083700000, 0x0000000083700000| Untracked 
|  55|0x0000000083700000, 0x0000000083800000, 0x0000000083800000|100%| O|  |TAMS 0x0000000083800000, 0x0000000083800000| Untracked 
|  56|0x0000000083800000, 0x0000000083900000, 0x0000000083900000|100%| O|  |TAMS 0x0000000083800000, 0x0000000083900000| Untracked 
|  57|0x0000000083900000, 0x0000000083a00000, 0x0000000083a00000|100%| O|  |TAMS 0x0000000083900000, 0x0000000083a00000| Untracked 
|  58|0x0000000083a00000, 0x0000000083b00000, 0x0000000083b00000|100%| O|  |TAMS 0x0000000083b00000, 0x0000000083b00000| Untracked 
|  59|0x0000000083b00000, 0x0000000083c00000, 0x0000000083c00000|100%| O|  |TAMS 0x0000000083c00000, 0x0000000083c00000| Untracked 
|  60|0x0000000083c00000, 0x0000000083d00000, 0x0000000083d00000|100%| O|  |TAMS 0x0000000083d00000, 0x0000000083d00000| Untracked 
|  61|0x0000000083d00000, 0x0000000083dd3400, 0x0000000083e00000| 82%| O|  |TAMS 0x0000000083dd3400, 0x0000000083dd3400| Untracked 
|  62|0x0000000083e00000, 0x0000000083f00000, 0x0000000083f00000|100%| O|  |TAMS 0x0000000083e00000, 0x0000000083f00000| Untracked 
|  63|0x0000000083f00000, 0x0000000084000000, 0x0000000084000000|100%|HS|  |TAMS 0x0000000083f00000, 0x0000000084000000| Complete 
|  64|0x0000000084000000, 0x0000000084100000, 0x0000000084100000|100%|HS|  |TAMS 0x0000000084000000, 0x0000000084100000| Complete 
|  65|0x0000000084100000, 0x0000000084200000, 0x0000000084200000|100%|HS|  |TAMS 0x0000000084100000, 0x0000000084200000| Complete 
|  66|0x0000000084200000, 0x0000000084300000, 0x0000000084300000|100%|HS|  |TAMS 0x0000000084200000, 0x0000000084300000| Complete 
|  67|0x0000000084300000, 0x0000000084400000, 0x0000000084400000|100%| O|  |TAMS 0x0000000084300000, 0x0000000084400000| Untracked 
|  68|0x0000000084400000, 0x0000000084500000, 0x0000000084500000|100%| O|  |TAMS 0x0000000084400000, 0x0000000084500000| Untracked 
|  69|0x0000000084500000, 0x0000000084600000, 0x0000000084600000|100%| O|  |TAMS 0x0000000084500000, 0x0000000084600000| Untracked 
|  70|0x0000000084600000, 0x0000000084700000, 0x0000000084700000|100%| O|  |TAMS 0x0000000084600000, 0x0000000084700000| Untracked 
|  71|0x0000000084700000, 0x0000000084800000, 0x0000000084800000|100%| O|  |TAMS 0x0000000084700000, 0x0000000084800000| Untracked 
|  72|0x0000000084800000, 0x0000000084900000, 0x0000000084900000|100%| O|  |TAMS 0x0000000084800000, 0x0000000084900000| Untracked 
|  73|0x0000000084900000, 0x0000000084a00000, 0x0000000084a00000|100%|HS|  |TAMS 0x0000000084900000, 0x0000000084a00000| Complete 
|  74|0x0000000084a00000, 0x0000000084b00000, 0x0000000084b00000|100%|HS|  |TAMS 0x0000000084a00000, 0x0000000084b00000| Complete 
|  75|0x0000000084b00000, 0x0000000084c00000, 0x0000000084c00000|100%| O|  |TAMS 0x0000000084b00000, 0x0000000084c00000| Untracked 
|  76|0x0000000084c00000, 0x0000000084d00000, 0x0000000084d00000|100%| O|  |TAMS 0x0000000084c00000, 0x0000000084d00000| Untracked 
|  77|0x0000000084d00000, 0x0000000084e00000, 0x0000000084e00000|100%| O|  |TAMS 0x0000000084d00000, 0x0000000084e00000| Untracked 
|  78|0x0000000084e00000, 0x0000000084f00000, 0x0000000084f00000|100%| O|  |TAMS 0x0000000084e00000, 0x0000000084f00000| Untracked 
|  79|0x0000000084f00000, 0x0000000085000000, 0x0000000085000000|100%| O|  |TAMS 0x0000000084f00000, 0x0000000085000000| Untracked 
|  80|0x0000000085000000, 0x0000000085100000, 0x0000000085100000|100%| O|  |TAMS 0x0000000085000000, 0x0000000085100000| Untracked 
|  81|0x0000000085100000, 0x0000000085200000, 0x0000000085200000|100%| O|  |TAMS 0x0000000085100000, 0x0000000085200000| Untracked 
|  82|0x0000000085200000, 0x0000000085300000, 0x0000000085300000|100%| O|  |TAMS 0x0000000085200000, 0x0000000085300000| Untracked 
|  83|0x0000000085300000, 0x0000000085400000, 0x0000000085400000|100%| O|  |TAMS 0x0000000085300000, 0x0000000085400000| Untracked 
|  84|0x0000000085400000, 0x0000000085500000, 0x0000000085500000|100%| O|  |TAMS 0x0000000085400000, 0x0000000085500000| Untracked 
|  85|0x0000000085500000, 0x0000000085600000, 0x0000000085600000|100%| O|  |TAMS 0x0000000085500000, 0x0000000085600000| Untracked 
|  86|0x0000000085600000, 0x0000000085700000, 0x0000000085700000|100%| O|  |TAMS 0x0000000085600000, 0x0000000085700000| Untracked 
|  87|0x0000000085700000, 0x0000000085800000, 0x0000000085800000|100%| O|  |TAMS 0x0000000085700000, 0x0000000085800000| Untracked 
|  88|0x0000000085800000, 0x0000000085900000, 0x0000000085900000|100%| O|  |TAMS 0x0000000085800000, 0x0000000085900000| Untracked 
|  89|0x0000000085900000, 0x0000000085a00000, 0x0000000085a00000|100%| O|  |TAMS 0x0000000085900000, 0x0000000085a00000| Untracked 
|  90|0x0000000085a00000, 0x0000000085b00000, 0x0000000085b00000|100%| O|  |TAMS 0x0000000085a00000, 0x0000000085b00000| Untracked 
|  91|0x0000000085b00000, 0x0000000085c00000, 0x0000000085c00000|100%| O|  |TAMS 0x0000000085b00000, 0x0000000085c00000| Untracked 
|  92|0x0000000085c00000, 0x0000000085d00000, 0x0000000085d00000|100%| O|  |TAMS 0x0000000085c00000, 0x0000000085d00000| Untracked 
|  93|0x0000000085d00000, 0x0000000085e00000, 0x0000000085e00000|100%| O|  |TAMS 0x0000000085d00000, 0x0000000085e00000| Untracked 
|  94|0x0000000085e00000, 0x0000000085f00000, 0x0000000085f00000|100%| O|  |TAMS 0x0000000085e00000, 0x0000000085e00000| Untracked 
|  95|0x0000000085f00000, 0x0000000086000000, 0x0000000086000000|100%| O|  |TAMS 0x0000000085f00000, 0x0000000085f00000| Untracked 
|  96|0x0000000086000000, 0x0000000086100000, 0x0000000086100000|100%| O|  |TAMS 0x0000000086000000, 0x0000000086000000| Untracked 
|  97|0x0000000086100000, 0x0000000086200000, 0x0000000086200000|100%| O|  |TAMS 0x0000000086100000, 0x0000000086100000| Untracked 
|  98|0x0000000086200000, 0x0000000086300000, 0x0000000086300000|100%| O|  |TAMS 0x0000000086200000, 0x0000000086200000| Untracked 
|  99|0x0000000086300000, 0x0000000086400000, 0x0000000086400000|100%| O|  |TAMS 0x0000000086300000, 0x0000000086300000| Untracked 
| 100|0x0000000086400000, 0x0000000086500000, 0x0000000086500000|100%| O|  |TAMS 0x0000000086400000, 0x0000000086400000| Untracked 
| 101|0x0000000086500000, 0x0000000086600000, 0x0000000086600000|100%| O|  |TAMS 0x0000000086500000, 0x0000000086500000| Untracked 
| 102|0x0000000086600000, 0x0000000086700000, 0x0000000086700000|100%| O|  |TAMS 0x0000000086600000, 0x0000000086600000| Untracked 
| 103|0x0000000086700000, 0x0000000086800000, 0x0000000086800000|100%| O|  |TAMS 0x0000000086700000, 0x0000000086700000| Untracked 
| 104|0x0000000086800000, 0x0000000086900000, 0x0000000086900000|100%| O|  |TAMS 0x0000000086800000, 0x0000000086900000| Untracked 
| 105|0x0000000086900000, 0x0000000086a00000, 0x0000000086a00000|100%| O|  |TAMS 0x0000000086900000, 0x0000000086a00000| Untracked 
| 106|0x0000000086a00000, 0x0000000086b00000, 0x0000000086b00000|100%| O|  |TAMS 0x0000000086a00000, 0x0000000086b00000| Untracked 
| 107|0x0000000086b00000, 0x0000000086c00000, 0x0000000086c00000|100%| O|  |TAMS 0x0000000086b00000, 0x0000000086c00000| Untracked 
| 108|0x0000000086c00000, 0x0000000086d00000, 0x0000000086d00000|100%| O|  |TAMS 0x0000000086c00000, 0x0000000086d00000| Untracked 
| 109|0x0000000086d00000, 0x0000000086e00000, 0x0000000086e00000|100%| O|  |TAMS 0x0000000086d00000, 0x0000000086e00000| Untracked 
| 110|0x0000000086e00000, 0x0000000086f00000, 0x0000000086f00000|100%| O|  |TAMS 0x0000000086e00000, 0x0000000086f00000| Untracked 
| 111|0x0000000086f00000, 0x0000000087000000, 0x0000000087000000|100%| O|  |TAMS 0x0000000086f00000, 0x0000000087000000| Untracked 
| 112|0x0000000087000000, 0x0000000087100000, 0x0000000087100000|100%| O|  |TAMS 0x0000000087000000, 0x0000000087100000| Untracked 
| 113|0x0000000087100000, 0x0000000087200000, 0x0000000087200000|100%| O|  |TAMS 0x0000000087100000, 0x0000000087200000| Untracked 
| 114|0x0000000087200000, 0x0000000087300000, 0x0000000087300000|100%| O|  |TAMS 0x0000000087200000, 0x0000000087300000| Untracked 
| 115|0x0000000087300000, 0x0000000087400000, 0x0000000087400000|100%| O|  |TAMS 0x0000000087300000, 0x0000000087400000| Untracked 
| 116|0x0000000087400000, 0x0000000087500000, 0x0000000087500000|100%| O|  |TAMS 0x0000000087400000, 0x0000000087500000| Untracked 
| 117|0x0000000087500000, 0x0000000087600000, 0x0000000087600000|100%| O|  |TAMS 0x0000000087500000, 0x0000000087500000| Untracked 
| 118|0x0000000087600000, 0x0000000087700000, 0x0000000087700000|100%| O|  |TAMS 0x0000000087600000, 0x0000000087600000| Untracked 
| 119|0x0000000087700000, 0x0000000087800000, 0x0000000087800000|100%| O|  |TAMS 0x0000000087700000, 0x0000000087700000| Untracked 
| 120|0x0000000087800000, 0x0000000087900000, 0x0000000087900000|100%| O|  |TAMS 0x0000000087800000, 0x0000000087800000| Untracked 
| 121|0x0000000087900000, 0x0000000087a00000, 0x0000000087a00000|100%| O|  |TAMS 0x0000000087900000, 0x0000000087900000| Untracked 
| 122|0x0000000087a00000, 0x0000000087b00000, 0x0000000087b00000|100%| O|  |TAMS 0x0000000087a00000, 0x0000000087a00000| Untracked 
| 123|0x0000000087b00000, 0x0000000087c00000, 0x0000000087c00000|100%| O|  |TAMS 0x0000000087b00000, 0x0000000087c00000| Untracked 
| 124|0x0000000087c00000, 0x0000000087d00000, 0x0000000087d00000|100%| O|  |TAMS 0x0000000087c00000, 0x0000000087d00000| Untracked 
| 125|0x0000000087d00000, 0x0000000087e00000, 0x0000000087e00000|100%| O|  |TAMS 0x0000000087d00000, 0x0000000087e00000| Untracked 
| 126|0x0000000087e00000, 0x0000000087f00000, 0x0000000087f00000|100%| O|  |TAMS 0x0000000087e00000, 0x0000000087f00000| Untracked 
| 127|0x0000000087f00000, 0x0000000088000000, 0x0000000088000000|100%| O|  |TAMS 0x0000000087f00000, 0x0000000088000000| Untracked 
| 128|0x0000000088000000, 0x0000000088100000, 0x0000000088100000|100%| O|  |TAMS 0x0000000088000000, 0x0000000088100000| Untracked 
| 129|0x0000000088100000, 0x0000000088100000, 0x0000000088200000|  0%| F|  |TAMS 0x0000000088100000, 0x0000000088100000| Untracked 
| 130|0x0000000088200000, 0x0000000088200000, 0x0000000088300000|  0%| F|  |TAMS 0x0000000088200000, 0x0000000088200000| Untracked 
| 131|0x0000000088300000, 0x0000000088300000, 0x0000000088400000|  0%| F|  |TAMS 0x0000000088300000, 0x0000000088300000| Untracked 
| 132|0x0000000088400000, 0x0000000088400000, 0x0000000088500000|  0%| F|  |TAMS 0x0000000088400000, 0x0000000088400000| Untracked 
| 133|0x0000000088500000, 0x0000000088500000, 0x0000000088600000|  0%| F|  |TAMS 0x0000000088500000, 0x0000000088500000| Untracked 
| 134|0x0000000088600000, 0x0000000088600000, 0x0000000088700000|  0%| F|  |TAMS 0x0000000088600000, 0x0000000088600000| Untracked 
| 135|0x0000000088700000, 0x0000000088700000, 0x0000000088800000|  0%| F|  |TAMS 0x0000000088700000, 0x0000000088700000| Untracked 
| 136|0x0000000088800000, 0x0000000088800000, 0x0000000088900000|  0%| F|  |TAMS 0x0000000088800000, 0x0000000088800000| Untracked 
| 137|0x0000000088900000, 0x0000000088900000, 0x0000000088a00000|  0%| F|  |TAMS 0x0000000088900000, 0x0000000088900000| Untracked 
| 138|0x0000000088a00000, 0x0000000088a00000, 0x0000000088b00000|  0%| F|  |TAMS 0x0000000088a00000, 0x0000000088a00000| Untracked 
| 139|0x0000000088b00000, 0x0000000088b00000, 0x0000000088c00000|  0%| F|  |TAMS 0x0000000088b00000, 0x0000000088b00000| Untracked 
| 140|0x0000000088c00000, 0x0000000088c00000, 0x0000000088d00000|  0%| F|  |TAMS 0x0000000088c00000, 0x0000000088c00000| Untracked 
| 141|0x0000000088d00000, 0x0000000088d00000, 0x0000000088e00000|  0%| F|  |TAMS 0x0000000088d00000, 0x0000000088d00000| Untracked 
| 142|0x0000000088e00000, 0x0000000088e00000, 0x0000000088f00000|  0%| F|  |TAMS 0x0000000088e00000, 0x0000000088e00000| Untracked 
| 143|0x0000000088f00000, 0x0000000089000000, 0x0000000089000000|100%| O|  |TAMS 0x0000000088f00000, 0x0000000088f00000| Untracked 
| 144|0x0000000089000000, 0x0000000089100000, 0x0000000089100000|100%| O|  |TAMS 0x0000000089000000, 0x0000000089000000| Untracked 
| 145|0x0000000089100000, 0x0000000089200000, 0x0000000089200000|100%| O|  |TAMS 0x0000000089100000, 0x0000000089100000| Untracked 
| 146|0x0000000089200000, 0x0000000089300000, 0x0000000089300000|100%| O|  |TAMS 0x0000000089200000, 0x0000000089200000| Untracked 
| 147|0x0000000089300000, 0x0000000089400000, 0x0000000089400000|100%| O|  |TAMS 0x0000000089300000, 0x0000000089300000| Untracked 
| 148|0x0000000089400000, 0x0000000089500000, 0x0000000089500000|100%| O|  |TAMS 0x0000000089400000, 0x0000000089400000| Untracked 
| 149|0x0000000089500000, 0x0000000089600000, 0x0000000089600000|100%| O|  |TAMS 0x0000000089500000, 0x0000000089500000| Untracked 
| 150|0x0000000089600000, 0x0000000089700000, 0x0000000089700000|100%| O|  |TAMS 0x0000000089600000, 0x0000000089600000| Untracked 
| 151|0x0000000089700000, 0x0000000089800000, 0x0000000089800000|100%| O|  |TAMS 0x0000000089700000, 0x0000000089700000| Untracked 
| 152|0x0000000089800000, 0x0000000089900000, 0x0000000089900000|100%| O|  |TAMS 0x0000000089800000, 0x0000000089800000| Untracked 
| 153|0x0000000089900000, 0x0000000089a00000, 0x0000000089a00000|100%| O|  |TAMS 0x0000000089900000, 0x0000000089900000| Untracked 
| 154|0x0000000089a00000, 0x0000000089a00000, 0x0000000089b00000|  0%| F|  |TAMS 0x0000000089a00000, 0x0000000089a00000| Untracked 
| 155|0x0000000089b00000, 0x0000000089b00000, 0x0000000089c00000|  0%| F|  |TAMS 0x0000000089b00000, 0x0000000089b00000| Untracked 
| 156|0x0000000089c00000, 0x0000000089c00000, 0x0000000089d00000|  0%| F|  |TAMS 0x0000000089c00000, 0x0000000089c00000| Untracked 
| 157|0x0000000089d00000, 0x0000000089d00000, 0x0000000089e00000|  0%| F|  |TAMS 0x0000000089d00000, 0x0000000089d00000| Untracked 
| 158|0x0000000089e00000, 0x0000000089e00000, 0x0000000089f00000|  0%| F|  |TAMS 0x0000000089e00000, 0x0000000089e00000| Untracked 
| 159|0x0000000089f00000, 0x0000000089f00000, 0x000000008a000000|  0%| F|  |TAMS 0x0000000089f00000, 0x0000000089f00000| Untracked 
| 160|0x000000008a000000, 0x000000008a000000, 0x000000008a100000|  0%| F|  |TAMS 0x000000008a000000, 0x000000008a000000| Untracked 
| 161|0x000000008a100000, 0x000000008a100000, 0x000000008a200000|  0%| F|  |TAMS 0x000000008a100000, 0x000000008a100000| Untracked 
| 162|0x000000008a200000, 0x000000008a200000, 0x000000008a300000|  0%| F|  |TAMS 0x000000008a200000, 0x000000008a200000| Untracked 
| 163|0x000000008a300000, 0x000000008a300000, 0x000000008a400000|  0%| F|  |TAMS 0x000000008a300000, 0x000000008a300000| Untracked 
| 164|0x000000008a400000, 0x000000008a400000, 0x000000008a500000|  0%| F|  |TAMS 0x000000008a400000, 0x000000008a400000| Untracked 
| 165|0x000000008a500000, 0x000000008a500000, 0x000000008a600000|  0%| F|  |TAMS 0x000000008a500000, 0x000000008a500000| Untracked 
| 166|0x000000008a600000, 0x000000008a600000, 0x000000008a700000|  0%| F|  |TAMS 0x000000008a600000, 0x000000008a600000| Untracked 
| 167|0x000000008a700000, 0x000000008a700000, 0x000000008a800000|  0%| F|  |TAMS 0x000000008a700000, 0x000000008a700000| Untracked 
| 168|0x000000008a800000, 0x000000008a800000, 0x000000008a900000|  0%| F|  |TAMS 0x000000008a800000, 0x000000008a800000| Untracked 
| 169|0x000000008a900000, 0x000000008a900000, 0x000000008aa00000|  0%| F|  |TAMS 0x000000008a900000, 0x000000008a900000| Untracked 
| 170|0x000000008aa00000, 0x000000008aa00000, 0x000000008ab00000|  0%| F|  |TAMS 0x000000008aa00000, 0x000000008aa00000| Untracked 
| 171|0x000000008ab00000, 0x000000008ab00000, 0x000000008ac00000|  0%| F|  |TAMS 0x000000008ab00000, 0x000000008ab00000| Untracked 
| 172|0x000000008ac00000, 0x000000008ac00000, 0x000000008ad00000|  0%| F|  |TAMS 0x000000008ac00000, 0x000000008ac00000| Untracked 
| 173|0x000000008ad00000, 0x000000008ad00000, 0x000000008ae00000|  0%| F|  |TAMS 0x000000008ad00000, 0x000000008ad00000| Untracked 
| 174|0x000000008ae00000, 0x000000008ae00000, 0x000000008af00000|  0%| F|  |TAMS 0x000000008ae00000, 0x000000008ae00000| Untracked 
| 175|0x000000008af00000, 0x000000008af00000, 0x000000008b000000|  0%| F|  |TAMS 0x000000008af00000, 0x000000008af00000| Untracked 
| 176|0x000000008b000000, 0x000000008b000000, 0x000000008b100000|  0%| F|  |TAMS 0x000000008b000000, 0x000000008b000000| Untracked 
| 177|0x000000008b100000, 0x000000008b200000, 0x000000008b200000|100%| S|CS|TAMS 0x000000008b100000, 0x000000008b100000| Complete 
| 178|0x000000008b200000, 0x000000008b300000, 0x000000008b300000|100%| S|CS|TAMS 0x000000008b200000, 0x000000008b200000| Complete 
| 179|0x000000008b300000, 0x000000008b400000, 0x000000008b400000|100%| S|CS|TAMS 0x000000008b300000, 0x000000008b300000| Complete 
| 180|0x000000008b400000, 0x000000008b500000, 0x000000008b500000|100%| S|CS|TAMS 0x000000008b400000, 0x000000008b400000| Complete 
| 181|0x000000008b500000, 0x000000008b600000, 0x000000008b600000|100%| S|CS|TAMS 0x000000008b500000, 0x000000008b500000| Complete 
| 182|0x000000008b600000, 0x000000008b700000, 0x000000008b700000|100%| S|CS|TAMS 0x000000008b600000, 0x000000008b600000| Complete 
| 183|0x000000008b700000, 0x000000008b800000, 0x000000008b800000|100%| S|CS|TAMS 0x000000008b700000, 0x000000008b700000| Complete 
| 184|0x000000008b800000, 0x000000008b900000, 0x000000008b900000|100%| S|CS|TAMS 0x000000008b800000, 0x000000008b800000| Complete 
| 185|0x000000008b900000, 0x000000008b900000, 0x000000008ba00000|  0%| F|  |TAMS 0x000000008b900000, 0x000000008b900000| Untracked 
| 186|0x000000008ba00000, 0x000000008ba00000, 0x000000008bb00000|  0%| F|  |TAMS 0x000000008ba00000, 0x000000008ba00000| Untracked 
| 187|0x000000008bb00000, 0x000000008bb00000, 0x000000008bc00000|  0%| F|  |TAMS 0x000000008bb00000, 0x000000008bb00000| Untracked 
| 188|0x000000008bc00000, 0x000000008bc00000, 0x000000008bd00000|  0%| F|  |TAMS 0x000000008bc00000, 0x000000008bc00000| Untracked 
| 189|0x000000008bd00000, 0x000000008bd00000, 0x000000008be00000|  0%| F|  |TAMS 0x000000008bd00000, 0x000000008bd00000| Untracked 
| 190|0x000000008be00000, 0x000000008be00000, 0x000000008bf00000|  0%| F|  |TAMS 0x000000008be00000, 0x000000008be00000| Untracked 
| 191|0x000000008bf00000, 0x000000008bf00000, 0x000000008c000000|  0%| F|  |TAMS 0x000000008bf00000, 0x000000008bf00000| Untracked 
| 192|0x000000008c000000, 0x000000008c000000, 0x000000008c100000|  0%| F|  |TAMS 0x000000008c000000, 0x000000008c000000| Untracked 
| 193|0x000000008c100000, 0x000000008c100000, 0x000000008c200000|  0%| F|  |TAMS 0x000000008c100000, 0x000000008c100000| Untracked 
| 194|0x000000008c200000, 0x000000008c200000, 0x000000008c300000|  0%| F|  |TAMS 0x000000008c200000, 0x000000008c200000| Untracked 
| 195|0x000000008c300000, 0x000000008c300000, 0x000000008c400000|  0%| F|  |TAMS 0x000000008c300000, 0x000000008c300000| Untracked 
| 196|0x000000008c400000, 0x000000008c400000, 0x000000008c500000|  0%| F|  |TAMS 0x000000008c400000, 0x000000008c400000| Untracked 
| 197|0x000000008c500000, 0x000000008c500000, 0x000000008c600000|  0%| F|  |TAMS 0x000000008c500000, 0x000000008c500000| Untracked 
| 198|0x000000008c600000, 0x000000008c600000, 0x000000008c700000|  0%| F|  |TAMS 0x000000008c600000, 0x000000008c600000| Untracked 
| 199|0x000000008c700000, 0x000000008c700000, 0x000000008c800000|  0%| F|  |TAMS 0x000000008c700000, 0x000000008c700000| Untracked 
| 200|0x000000008c800000, 0x000000008c800000, 0x000000008c900000|  0%| F|  |TAMS 0x000000008c800000, 0x000000008c800000| Untracked 
| 201|0x000000008c900000, 0x000000008c900000, 0x000000008ca00000|  0%| F|  |TAMS 0x000000008c900000, 0x000000008c900000| Untracked 
| 202|0x000000008ca00000, 0x000000008ca00000, 0x000000008cb00000|  0%| F|  |TAMS 0x000000008ca00000, 0x000000008ca00000| Untracked 
| 203|0x000000008cb00000, 0x000000008cb00000, 0x000000008cc00000|  0%| F|  |TAMS 0x000000008cb00000, 0x000000008cb00000| Untracked 
| 204|0x000000008cc00000, 0x000000008cc00000, 0x000000008cd00000|  0%| F|  |TAMS 0x000000008cc00000, 0x000000008cc00000| Untracked 
| 205|0x000000008cd00000, 0x000000008cd00000, 0x000000008ce00000|  0%| F|  |TAMS 0x000000008cd00000, 0x000000008cd00000| Untracked 
| 206|0x000000008ce00000, 0x000000008ce00000, 0x000000008cf00000|  0%| F|  |TAMS 0x000000008ce00000, 0x000000008ce00000| Untracked 
| 207|0x000000008cf00000, 0x000000008cf00000, 0x000000008d000000|  0%| F|  |TAMS 0x000000008cf00000, 0x000000008cf00000| Untracked 
| 208|0x000000008d000000, 0x000000008d000000, 0x000000008d100000|  0%| F|  |TAMS 0x000000008d000000, 0x000000008d000000| Untracked 
| 209|0x000000008d100000, 0x000000008d100000, 0x000000008d200000|  0%| F|  |TAMS 0x000000008d100000, 0x000000008d100000| Untracked 
| 210|0x000000008d200000, 0x000000008d200000, 0x000000008d300000|  0%| F|  |TAMS 0x000000008d200000, 0x000000008d200000| Untracked 
| 211|0x000000008d300000, 0x000000008d300000, 0x000000008d400000|  0%| F|  |TAMS 0x000000008d300000, 0x000000008d300000| Untracked 
| 212|0x000000008d400000, 0x000000008d400000, 0x000000008d500000|  0%| F|  |TAMS 0x000000008d400000, 0x000000008d400000| Untracked 
| 213|0x000000008d500000, 0x000000008d500000, 0x000000008d600000|  0%| F|  |TAMS 0x000000008d500000, 0x000000008d500000| Untracked 
| 214|0x000000008d600000, 0x000000008d600000, 0x000000008d700000|  0%| F|  |TAMS 0x000000008d600000, 0x000000008d600000| Untracked 
| 215|0x000000008d700000, 0x000000008d700000, 0x000000008d800000|  0%| F|  |TAMS 0x000000008d700000, 0x000000008d700000| Untracked 
| 216|0x000000008d800000, 0x000000008d800000, 0x000000008d900000|  0%| F|  |TAMS 0x000000008d800000, 0x000000008d800000| Untracked 
| 217|0x000000008d900000, 0x000000008d900000, 0x000000008da00000|  0%| F|  |TAMS 0x000000008d900000, 0x000000008d900000| Untracked 
| 218|0x000000008da00000, 0x000000008da00000, 0x000000008db00000|  0%| F|  |TAMS 0x000000008da00000, 0x000000008da00000| Untracked 
| 219|0x000000008db00000, 0x000000008db00000, 0x000000008dc00000|  0%| F|  |TAMS 0x000000008db00000, 0x000000008db00000| Untracked 
| 220|0x000000008dc00000, 0x000000008dc00000, 0x000000008dd00000|  0%| F|  |TAMS 0x000000008dc00000, 0x000000008dc00000| Untracked 
| 221|0x000000008dd00000, 0x000000008dd00000, 0x000000008de00000|  0%| F|  |TAMS 0x000000008dd00000, 0x000000008dd00000| Untracked 
| 222|0x000000008de00000, 0x000000008de00000, 0x000000008df00000|  0%| F|  |TAMS 0x000000008de00000, 0x000000008de00000| Untracked 
| 223|0x000000008df00000, 0x000000008df00000, 0x000000008e000000|  0%| F|  |TAMS 0x000000008df00000, 0x000000008df00000| Untracked 
| 224|0x000000008e000000, 0x000000008e000000, 0x000000008e100000|  0%| F|  |TAMS 0x000000008e000000, 0x000000008e000000| Untracked 
| 225|0x000000008e100000, 0x000000008e100000, 0x000000008e200000|  0%| F|  |TAMS 0x000000008e100000, 0x000000008e100000| Untracked 
| 226|0x000000008e200000, 0x000000008e200000, 0x000000008e300000|  0%| F|  |TAMS 0x000000008e200000, 0x000000008e200000| Untracked 
| 227|0x000000008e300000, 0x000000008e300000, 0x000000008e400000|  0%| F|  |TAMS 0x000000008e300000, 0x000000008e300000| Untracked 
| 228|0x000000008e400000, 0x000000008e400000, 0x000000008e500000|  0%| F|  |TAMS 0x000000008e400000, 0x000000008e400000| Untracked 
| 229|0x000000008e500000, 0x000000008e500000, 0x000000008e600000|  0%| F|  |TAMS 0x000000008e500000, 0x000000008e500000| Untracked 
| 230|0x000000008e600000, 0x000000008e600000, 0x000000008e700000|  0%| F|  |TAMS 0x000000008e600000, 0x000000008e600000| Untracked 
| 231|0x000000008e700000, 0x000000008e700000, 0x000000008e800000|  0%| F|  |TAMS 0x000000008e700000, 0x000000008e700000| Untracked 
| 232|0x000000008e800000, 0x000000008e800000, 0x000000008e900000|  0%| F|  |TAMS 0x000000008e800000, 0x000000008e800000| Untracked 
| 233|0x000000008e900000, 0x000000008e900000, 0x000000008ea00000|  0%| F|  |TAMS 0x000000008e900000, 0x000000008e900000| Untracked 
| 234|0x000000008ea00000, 0x000000008ea00000, 0x000000008eb00000|  0%| F|  |TAMS 0x000000008ea00000, 0x000000008ea00000| Untracked 
| 235|0x000000008eb00000, 0x000000008eb00000, 0x000000008ec00000|  0%| F|  |TAMS 0x000000008eb00000, 0x000000008eb00000| Untracked 
| 236|0x000000008ec00000, 0x000000008ec00000, 0x000000008ed00000|  0%| F|  |TAMS 0x000000008ec00000, 0x000000008ec00000| Untracked 
| 237|0x000000008ed00000, 0x000000008ed00000, 0x000000008ee00000|  0%| F|  |TAMS 0x000000008ed00000, 0x000000008ed00000| Untracked 
| 238|0x000000008ee00000, 0x000000008ee00000, 0x000000008ef00000|  0%| F|  |TAMS 0x000000008ee00000, 0x000000008ee00000| Untracked 
| 239|0x000000008ef00000, 0x000000008ef00000, 0x000000008f000000|  0%| F|  |TAMS 0x000000008ef00000, 0x000000008ef00000| Untracked 
| 240|0x000000008f000000, 0x000000008f000000, 0x000000008f100000|  0%| F|  |TAMS 0x000000008f000000, 0x000000008f000000| Untracked 
| 241|0x000000008f100000, 0x000000008f100000, 0x000000008f200000|  0%| F|  |TAMS 0x000000008f100000, 0x000000008f100000| Untracked 
| 242|0x000000008f200000, 0x000000008f200000, 0x000000008f300000|  0%| F|  |TAMS 0x000000008f200000, 0x000000008f200000| Untracked 
| 243|0x000000008f300000, 0x000000008f300000, 0x000000008f400000|  0%| F|  |TAMS 0x000000008f300000, 0x000000008f300000| Untracked 
| 244|0x000000008f400000, 0x000000008f400000, 0x000000008f500000|  0%| F|  |TAMS 0x000000008f400000, 0x000000008f400000| Untracked 
| 245|0x000000008f500000, 0x000000008f500000, 0x000000008f600000|  0%| F|  |TAMS 0x000000008f500000, 0x000000008f500000| Untracked 
| 246|0x000000008f600000, 0x000000008f600000, 0x000000008f700000|  0%| F|  |TAMS 0x000000008f600000, 0x000000008f600000| Untracked 
| 247|0x000000008f700000, 0x000000008f700000, 0x000000008f800000|  0%| F|  |TAMS 0x000000008f700000, 0x000000008f700000| Untracked 
| 248|0x000000008f800000, 0x000000008f800000, 0x000000008f900000|  0%| F|  |TAMS 0x000000008f800000, 0x000000008f800000| Untracked 
| 249|0x000000008f900000, 0x000000008f900000, 0x000000008fa00000|  0%| F|  |TAMS 0x000000008f900000, 0x000000008f900000| Untracked 
| 250|0x000000008fa00000, 0x000000008fa00000, 0x000000008fb00000|  0%| F|  |TAMS 0x000000008fa00000, 0x000000008fa00000| Untracked 
| 251|0x000000008fb00000, 0x000000008fb00000, 0x000000008fc00000|  0%| F|  |TAMS 0x000000008fb00000, 0x000000008fb00000| Untracked 
| 252|0x000000008fc00000, 0x000000008fc00000, 0x000000008fd00000|  0%| F|  |TAMS 0x000000008fc00000, 0x000000008fc00000| Untracked 
| 253|0x000000008fd00000, 0x000000008fd00000, 0x000000008fe00000|  0%| F|  |TAMS 0x000000008fd00000, 0x000000008fd00000| Untracked 
| 254|0x000000008fe00000, 0x000000008fe00000, 0x000000008ff00000|  0%| F|  |TAMS 0x000000008fe00000, 0x000000008fe00000| Untracked 
| 255|0x000000008ff00000, 0x000000008ff00000, 0x0000000090000000|  0%| F|  |TAMS 0x000000008ff00000, 0x000000008ff00000| Untracked 
| 256|0x0000000090000000, 0x0000000090000000, 0x0000000090100000|  0%| F|  |TAMS 0x0000000090000000, 0x0000000090000000| Untracked 
| 257|0x0000000090100000, 0x0000000090100000, 0x0000000090200000|  0%| F|  |TAMS 0x0000000090100000, 0x0000000090100000| Untracked 
| 258|0x0000000090200000, 0x0000000090200000, 0x0000000090300000|  0%| F|  |TAMS 0x0000000090200000, 0x0000000090200000| Untracked 
| 259|0x0000000090300000, 0x0000000090300000, 0x0000000090400000|  0%| F|  |TAMS 0x0000000090300000, 0x0000000090300000| Untracked 
|2036|0x00000000ff400000, 0x00000000ff500000, 0x00000000ff500000|100%| O|  |TAMS 0x00000000ff400000, 0x00000000ff500000| Untracked 
|2037|0x00000000ff500000, 0x00000000ff600000, 0x00000000ff600000|100%| O|  |TAMS 0x00000000ff500000, 0x00000000ff600000| Untracked 
|2038|0x00000000ff600000, 0x00000000ff700000, 0x00000000ff700000|100%| O|  |TAMS 0x00000000ff600000, 0x00000000ff700000| Untracked 
|2039|0x00000000ff700000, 0x00000000ff800000, 0x00000000ff800000|100%| O|  |TAMS 0x00000000ff700000, 0x00000000ff800000| Untracked 
|2040|0x00000000ff800000, 0x00000000ff900000, 0x00000000ff900000|100%| O|  |TAMS 0x00000000ff800000, 0x00000000ff900000| Untracked 
|2041|0x00000000ff900000, 0x00000000ffa00000, 0x00000000ffa00000|100%| O|  |TAMS 0x00000000ff900000, 0x00000000ffa00000| Untracked 
|2042|0x00000000ffa00000, 0x00000000ffb00000, 0x00000000ffb00000|100%| O|  |TAMS 0x00000000ffa00000, 0x00000000ffb00000| Untracked 
|2043|0x00000000ffb00000, 0x00000000ffc00000, 0x00000000ffc00000|100%| O|  |TAMS 0x00000000ffb00000, 0x00000000ffc00000| Untracked 
|2044|0x00000000ffc00000, 0x00000000ffd00000, 0x00000000ffd00000|100%| O|  |TAMS 0x00000000ffc00000, 0x00000000ffd00000| Untracked 
|2045|0x00000000ffd00000, 0x00000000ffe00000, 0x00000000ffe00000|100%| O|  |TAMS 0x00000000ffd00000, 0x00000000ffe00000| Untracked 
|2046|0x00000000ffe00000, 0x00000000fff00000, 0x00000000fff00000|100%| O|  |TAMS 0x00000000ffe00000, 0x00000000fff00000| Untracked 
|2047|0x00000000fff00000, 0x0000000100000000, 0x0000000100000000|100%| O|  |TAMS 0x00000000fff00000, 0x0000000100000000| Untracked 

Card table byte_map: [0x00000184b8cd0000,0x00000184b90d0000] _byte_map_base: 0x00000184b88d0000

Marking Bits (Prev, Next): (CMBitMap*) 0x00000184a612fe90, (CMBitMap*) 0x00000184a612fe50
 Prev Bits: [0x00000184bb4d0000, 0x00000184bd4d0000)
 Next Bits: [0x00000184b94d0000, 0x00000184bb4d0000)

Polling page: 0x00000184a3fe0000

Metaspace:

Usage:
  Non-class:     50.88 MB used.
      Class:      8.00 MB used.
       Both:     58.88 MB used.

Virtual space:
  Non-class space:       64.00 MB reserved,      51.19 MB ( 80%) committed,  1 nodes.
      Class space:        1.00 GB reserved,       8.25 MB ( <1%) committed,  1 nodes.
             Both:        1.06 GB reserved,      59.44 MB (  5%) committed. 

Chunk freelists:
   Non-Class:  12.73 MB
       Class:  7.67 MB
        Both:  20.40 MB

MaxMetaspaceSize: unlimited
CompressedClassSpaceSize: 1.00 GB
Initial GC threshold: 21.00 MB
Current GC threshold: 88.44 MB
CDS: off
MetaspaceReclaimPolicy: balanced
 - commit_granule_bytes: 65536.
 - commit_granule_words: 8192.
 - virtual_space_node_default_size: 8388608.
 - enlarge_chunks_in_place: 1.
 - new_chunks_are_fully_committed: 0.
 - uncommit_free_chunks: 1.
 - use_allocation_guard: 0.
 - handle_deallocations: 1.


Internal statistics:

num_allocs_failed_limit: 3.
num_arena_births: 634.
num_arena_deaths: 0.
num_vsnodes_births: 2.
num_vsnodes_deaths: 0.
num_space_committed: 951.
num_space_uncommitted: 0.
num_chunks_returned_to_freelist: 3.
num_chunks_taken_from_freelist: 2699.
num_chunk_merges: 3.
num_chunk_splits: 1744.
num_chunks_enlarged: 1184.
num_inconsistent_stats: 0.

CodeHeap 'non-profiled nmethods': size=120000Kb used=4608Kb max_used=4608Kb free=115391Kb
 bounds [0x00000184b1070000, 0x00000184b1500000, 0x00000184b85a0000]
CodeHeap 'profiled nmethods': size=120000Kb used=12193Kb max_used=12193Kb free=107806Kb
 bounds [0x00000184a95a0000, 0x00000184aa190000, 0x00000184b0ad0000]
CodeHeap 'non-nmethods': size=5760Kb used=2337Kb max_used=2396Kb free=3422Kb
 bounds [0x00000184b0ad0000, 0x00000184b0d40000, 0x00000184b1070000]
 total_blobs=7421 nmethods=6579 adapters=754
 compilation: enabled
              stopped_count=0, restarted_count=0
 full_count=0

Compilation events (20 events):
Event: 44.949 Thread 0x00000184c00936c0 nmethod 7945 0x00000184aa181710 code [0x00000184aa181900, 0x00000184aa181d58]
Event: 44.949 Thread 0x00000184c00936c0 7947       2       it.unimi.dsi.fastutil.HashCommon::mix (12 bytes)
Event: 44.949 Thread 0x00000184c00936c0 nmethod 7947 0x00000184aa182010 code [0x00000184aa1821a0, 0x00000184aa182298]
Event: 44.949 Thread 0x00000184c00936c0 7946       1       com.google.common.collect.SingletonImmutableSet::size (2 bytes)
Event: 44.950 Thread 0x00000184c00936c0 nmethod 7946 0x00000184b14efe10 code [0x00000184b14effa0, 0x00000184b14f0078]
Event: 44.951 Thread 0x00000184c00936c0 7949       2       org.gradle.internal.execution.steps.WorkspaceContext::<init> (22 bytes)
Event: 44.952 Thread 0x00000184c00936c0 nmethod 7949 0x00000184aa182310 code [0x00000184aa1824c0, 0x00000184aa1826c8]
Event: 44.952 Thread 0x00000184c00936c0 7950       2       com.google.common.collect.ImmutableSet$RegularSetBuilderImpl::review (86 bytes)
Event: 44.952 Thread 0x00000184c00936c0 nmethod 7950 0x00000184aa182790 code [0x00000184aa1829a0, 0x00000184aa182d28]
Event: 44.952 Thread 0x00000184c00936c0 7951       2       org.gradle.internal.execution.steps.IdentityContext::<init> (18 bytes)
Event: 44.953 Thread 0x00000184c00936c0 nmethod 7951 0x00000184aa182e90 code [0x00000184aa183060, 0x00000184aa1834d8]
Event: 44.954 Thread 0x00000184c00936c0 7953       3       org.objectweb.asm.MethodWriter::visitFrame (811 bytes)
Event: 44.958 Thread 0x00000184c00936c0 nmethod 7953 0x00000184aa183710 code [0x00000184aa183c00, 0x00000184aa185be8]
Event: 44.958 Thread 0x00000184c00936c0 7955       2       org.gradle.tooling.internal.provider.runner.ClientBuildEventGenerator::started (168 bytes)
Event: 44.960 Thread 0x00000184c00936c0 nmethod 7955 0x00000184aa186b10 code [0x00000184aa186dc0, 0x00000184aa187438]
Event: 44.960 Thread 0x00000184c00936c0 7958  s    2       java.io.BufferedOutputStream::write (67 bytes)
Event: 44.960 Thread 0x00000184c00936c0 nmethod 7958 0x00000184aa187810 code [0x00000184aa1879e0, 0x00000184aa187df8]
Event: 44.960 Thread 0x00000184c00936c0 7959       2       org.gradle.internal.classpath.generated.InterceptorDeclaration_PropertyUpgradesJvmBytecode_CoreApi::visitMethodInsn (66 bytes)
Event: 44.961 Thread 0x00000184c00936c0 nmethod 7959 0x00000184aa187f90 code [0x00000184aa188180, 0x00000184aa188448]
Event: 44.961 Thread 0x00000184c00936c0 7966       2       org.objectweb.asm.ClassReader::readMethod (1070 bytes)

GC Heap History (20 events):
Event: 24.439 GC heap after
{Heap after GC invocations=55 (full 0):
 garbage-first heap   total 266240K, used 62444K [0x0000000080000000, 0x0000000100000000)
  region size 1024K, 2 young (2048K), 2 survivors (2048K)
 Metaspace       used 53750K, committed 54336K, reserved 1114112K
  class space    used 7301K, committed 7552K, reserved 1048576K
}
Event: 27.754 GC heap before
{Heap before GC invocations=56 (full 0):
 garbage-first heap   total 239616K, used 203756K [0x0000000080000000, 0x0000000100000000)
  region size 1024K, 140 young (143360K), 2 survivors (2048K)
 Metaspace       used 53755K, committed 54336K, reserved 1114112K
  class space    used 7301K, committed 7552K, reserved 1048576K
}
Event: 27.807 GC heap after
{Heap after GC invocations=57 (full 0):
 garbage-first heap   total 239616K, used 63582K [0x0000000080000000, 0x0000000100000000)
  region size 1024K, 3 young (3072K), 3 survivors (3072K)
 Metaspace       used 53755K, committed 54336K, reserved 1114112K
  class space    used 7301K, committed 7552K, reserved 1048576K
}
Event: 28.057 GC heap before
{Heap before GC invocations=57 (full 0):
 garbage-first heap   total 239616K, used 71774K [0x0000000080000000, 0x0000000100000000)
  region size 1024K, 11 young (11264K), 3 survivors (3072K)
 Metaspace       used 53755K, committed 54336K, reserved 1114112K
  class space    used 7301K, committed 7552K, reserved 1048576K
}
Event: 28.080 GC heap after
{Heap after GC invocations=58 (full 0):
 garbage-first heap   total 239616K, used 63158K [0x0000000080000000, 0x0000000100000000)
  region size 1024K, 1 young (1024K), 1 survivors (1024K)
 Metaspace       used 53755K, committed 54336K, reserved 1114112K
  class space    used 7301K, committed 7552K, reserved 1048576K
}
Event: 40.810 GC heap before
{Heap before GC invocations=58 (full 0):
 garbage-first heap   total 239616K, used 208566K [0x0000000080000000, 0x0000000100000000)
  region size 1024K, 140 young (143360K), 1 survivors (1024K)
 Metaspace       used 54003K, committed 54528K, reserved 1114112K
  class space    used 7344K, committed 7616K, reserved 1048576K
}
Event: 40.825 GC heap after
{Heap after GC invocations=59 (full 0):
 garbage-first heap   total 239616K, used 64396K [0x0000000080000000, 0x0000000100000000)
  region size 1024K, 2 young (2048K), 2 survivors (2048K)
 Metaspace       used 54003K, committed 54528K, reserved 1114112K
  class space    used 7344K, committed 7616K, reserved 1048576K
}
Event: 41.721 GC heap before
{Heap before GC invocations=59 (full 0):
 garbage-first heap   total 239616K, used 208780K [0x0000000080000000, 0x0000000100000000)
  region size 1024K, 140 young (143360K), 2 survivors (2048K)
 Metaspace       used 55608K, committed 56128K, reserved 1114112K
  class space    used 7644K, committed 7872K, reserved 1048576K
}
Event: 41.725 GC heap after
{Heap after GC invocations=60 (full 0):
 garbage-first heap   total 239616K, used 63803K [0x0000000080000000, 0x0000000100000000)
  region size 1024K, 1 young (1024K), 1 survivors (1024K)
 Metaspace       used 55608K, committed 56128K, reserved 1114112K
  class space    used 7644K, committed 7872K, reserved 1048576K
}
Event: 42.913 GC heap before
{Heap before GC invocations=60 (full 0):
 garbage-first heap   total 239616K, used 206139K [0x0000000080000000, 0x0000000100000000)
  region size 1024K, 140 young (143360K), 1 survivors (1024K)
 Metaspace       used 59680K, committed 60224K, reserved 1114112K
  class space    used 8131K, committed 8384K, reserved 1048576K
}
Event: 42.933 GC heap after
{Heap after GC invocations=61 (full 0):
 garbage-first heap   total 239616K, used 69576K [0x0000000080000000, 0x0000000100000000)
  region size 1024K, 7 young (7168K), 7 survivors (7168K)
 Metaspace       used 59680K, committed 60224K, reserved 1114112K
  class space    used 8131K, committed 8384K, reserved 1048576K
}
Event: 43.706 GC heap before
{Heap before GC invocations=61 (full 0):
 garbage-first heap   total 239616K, used 208840K [0x0000000080000000, 0x0000000100000000)
  region size 1024K, 139 young (142336K), 7 survivors (7168K)
 Metaspace       used 60083K, committed 60672K, reserved 1114112K
  class space    used 8187K, committed 8448K, reserved 1048576K
}
Event: 43.719 GC heap after
{Heap after GC invocations=62 (full 0):
 garbage-first heap   total 239616K, used 80665K [0x0000000080000000, 0x0000000100000000)
  region size 1024K, 13 young (13312K), 13 survivors (13312K)
 Metaspace       used 60083K, committed 60672K, reserved 1114112K
  class space    used 8187K, committed 8448K, reserved 1048576K
}
Event: 43.982 GC heap before
{Heap before GC invocations=62 (full 0):
 garbage-first heap   total 239616K, used 200473K [0x0000000080000000, 0x0000000100000000)
  region size 1024K, 130 young (133120K), 13 survivors (13312K)
 Metaspace       used 60083K, committed 60672K, reserved 1114112K
  class space    used 8187K, committed 8448K, reserved 1048576K
}
Event: 44.042 GC heap after
{Heap after GC invocations=63 (full 0):
 garbage-first heap   total 239616K, used 87124K [0x0000000080000000, 0x0000000100000000)
  region size 1024K, 13 young (13312K), 13 survivors (13312K)
 Metaspace       used 60083K, committed 60672K, reserved 1114112K
  class space    used 8187K, committed 8448K, reserved 1048576K
}
Event: 44.390 GC heap before
{Heap before GC invocations=63 (full 0):
 garbage-first heap   total 239616K, used 201812K [0x0000000080000000, 0x0000000100000000)
  region size 1024K, 124 young (126976K), 13 survivors (13312K)
 Metaspace       used 60086K, committed 60672K, reserved 1114112K
  class space    used 8187K, committed 8448K, reserved 1048576K
}
Event: 44.415 GC heap after
{Heap after GC invocations=64 (full 0):
 garbage-first heap   total 239616K, used 98712K [0x0000000080000000, 0x0000000100000000)
  region size 1024K, 16 young (16384K), 16 survivors (16384K)
 Metaspace       used 60086K, committed 60672K, reserved 1114112K
  class space    used 8187K, committed 8448K, reserved 1048576K
}
Event: 44.774 GC heap before
{Heap before GC invocations=64 (full 0):
 garbage-first heap   total 239616K, used 194968K [0x0000000080000000, 0x0000000100000000)
  region size 1024K, 107 young (109568K), 16 survivors (16384K)
 Metaspace       used 60209K, committed 60736K, reserved 1114112K
  class space    used 8194K, committed 8448K, reserved 1048576K
}
Event: 44.829 GC heap after
{Heap after GC invocations=65 (full 0):
 garbage-first heap   total 251904K, used 142157K [0x0000000080000000, 0x0000000100000000)
  region size 1024K, 14 young (14336K), 14 survivors (14336K)
 Metaspace       used 60209K, committed 60736K, reserved 1114112K
  class space    used 8194K, committed 8448K, reserved 1048576K
}
Event: 44.969 GC heap before
{Heap before GC invocations=65 (full 0):
 garbage-first heap   total 251904K, used 191309K [0x0000000080000000, 0x0000000100000000)
  region size 1024K, 63 young (64512K), 14 survivors (14336K)
 Metaspace       used 60294K, committed 60864K, reserved 1114112K
  class space    used 8196K, committed 8448K, reserved 1048576K
}

Dll operation events (3 events):
Event: 0.022 Loaded shared library C:\Program Files\Android\Android Studio\jbr\bin\java.dll
Event: 0.167 Loaded shared library C:\Program Files\Android\Android Studio\jbr\bin\zip.dll
Event: 0.941 Loaded shared library C:\Program Files\Android\Android Studio\jbr\bin\verify.dll

Deoptimization events (20 events):
Event: 44.949 Thread 0x00000184c8ee00f0 DEOPT PACKING pc=0x00000184b1218b8c sp=0x0000003f3f4fa840
Event: 44.949 Thread 0x00000184c8ee00f0 DEOPT UNPACKING pc=0x00000184b0b2a1a3 sp=0x0000003f3f4fa680 mode 2
Event: 44.949 Thread 0x00000184c8ee6630 DEOPT PACKING pc=0x00000184b1218b8c sp=0x0000003f3f8fa650
Event: 44.949 Thread 0x00000184c8ee6630 DEOPT UNPACKING pc=0x00000184b0b2a1a3 sp=0x0000003f3f8fa490 mode 2
Event: 44.954 Thread 0x00000184c8ee2460 Uncommon trap: trap_request=0xffffff45 fr.pc=0x00000184b10f0cd4 relative=0x0000000000000594
Event: 44.954 Thread 0x00000184c8ee2460 Uncommon trap: reason=unstable_if action=reinterpret pc=0x00000184b10f0cd4 method=org.gradle.internal.lazy.LockingLazy.get()Ljava/lang/Object; @ 4 c2
Event: 44.954 Thread 0x00000184c8ee2460 DEOPT PACKING pc=0x00000184b10f0cd4 sp=0x0000003f3f5fa620
Event: 44.954 Thread 0x00000184c8ee2460 DEOPT UNPACKING pc=0x00000184b0b2a1a3 sp=0x0000003f3f5fa558 mode 2
Event: 44.962 Thread 0x00000184c8ee2460 Uncommon trap: trap_request=0xffffff45 fr.pc=0x00000184b1094e9c relative=0x000000000000027c
Event: 44.962 Thread 0x00000184c8ee2460 Uncommon trap: reason=unstable_if action=reinterpret pc=0x00000184b1094e9c method=java.util.LinkedHashMap.getOrDefault(Ljava/lang/Object;Ljava/lang/Object;)Ljava/lang/Object; @ 7 c2
Event: 44.962 Thread 0x00000184c8ee6630 Uncommon trap: trap_request=0xffffff45 fr.pc=0x00000184b1096b18 relative=0x0000000000000c58
Event: 44.962 Thread 0x00000184c8ee2460 DEOPT PACKING pc=0x00000184b1094e9c sp=0x0000003f3f5fa610
Event: 44.962 Thread 0x00000184c8ee6630 Uncommon trap: reason=unstable_if action=reinterpret pc=0x00000184b1096b18 method=java.util.LinkedHashMap.getOrDefault(Ljava/lang/Object;Ljava/lang/Object;)Ljava/lang/Object; @ 7 c2
Event: 44.962 Thread 0x00000184c8ee6630 DEOPT PACKING pc=0x00000184b1096b18 sp=0x0000003f3f8fa640
Event: 44.962 Thread 0x00000184c8ee6630 DEOPT UNPACKING pc=0x00000184b0b2a1a3 sp=0x0000003f3f8fa490 mode 2
Event: 44.962 Thread 0x00000184c8ee2460 DEOPT UNPACKING pc=0x00000184b0b2a1a3 sp=0x0000003f3f5fa5c8 mode 2
Event: 44.963 Thread 0x00000184c8ee6630 Uncommon trap: trap_request=0xffffff45 fr.pc=0x00000184b10ef528 relative=0x0000000000000648
Event: 44.963 Thread 0x00000184c8ee6630 Uncommon trap: reason=unstable_if action=reinterpret pc=0x00000184b10ef528 method=java.util.LinkedHashMap.getOrDefault(Ljava/lang/Object;Ljava/lang/Object;)Ljava/lang/Object; @ 7 c2
Event: 44.963 Thread 0x00000184c8ee6630 DEOPT PACKING pc=0x00000184b10ef528 sp=0x0000003f3f8fa650
Event: 44.963 Thread 0x00000184c8ee6630 DEOPT UNPACKING pc=0x00000184b0b2a1a3 sp=0x0000003f3f8fa490 mode 2

Classes unloaded (0 events):
No events

Classes redefined (0 events):
No events

Internal exceptions (20 events):
Event: 42.407 Thread 0x00000184c64ac000 Exception <a 'sun/nio/fs/WindowsException'{0x000000008c0b5e58}> (0x000000008c0b5e58) 
thrown [s\src\hotspot\share\prims\jni.cpp, line 531]
Event: 42.441 Thread 0x00000184c6169930 Exception <a 'java/lang/ClassNotFoundException'{0x000000008bf4b660}: sync_studio_tooling9_cx7eaii657o9vatamoblhuwvwBeanInfo> (0x000000008bf4b660) 
thrown [s\src\hotspot\share\classfile\systemDictionary.cpp, line 256]
Event: 42.442 Thread 0x00000184c6169930 Exception <a 'java/lang/ClassNotFoundException'{0x000000008bf528f0}: sync_studio_tooling9_cx7eaii657o9vatamoblhuwvwCustomizer> (0x000000008bf528f0) 
thrown [s\src\hotspot\share\classfile\systemDictionary.cpp, line 256]
Event: 43.069 Thread 0x00000184c6169930 Exception <a 'sun/nio/fs/WindowsException'{0x000000008d2178a8}> (0x000000008d2178a8) 
thrown [s\src\hotspot\share\prims\jni.cpp, line 531]
Event: 43.069 Thread 0x00000184c6169930 Exception <a 'sun/nio/fs/WindowsException'{0x000000008d219200}> (0x000000008d219200) 
thrown [s\src\hotspot\share\prims\jni.cpp, line 531]
Event: 43.071 Thread 0x00000184c6169930 Exception <a 'sun/nio/fs/WindowsException'{0x000000008d22db00}> (0x000000008d22db00) 
thrown [s\src\hotspot\share\prims\jni.cpp, line 531]
Event: 43.074 Thread 0x00000184c6169930 Exception <a 'sun/nio/fs/WindowsException'{0x000000008d23fe10}> (0x000000008d23fe10) 
thrown [s\src\hotspot\share\prims\jni.cpp, line 531]
Event: 43.077 Thread 0x00000184c6169930 Exception <a 'sun/nio/fs/WindowsException'{0x000000008d24aa78}> (0x000000008d24aa78) 
thrown [s\src\hotspot\share\prims\jni.cpp, line 531]
Event: 43.101 Thread 0x00000184c64aa6b0 Exception <a 'sun/nio/fs/WindowsException'{0x000000008d29ace8}> (0x000000008d29ace8) 
thrown [s\src\hotspot\share\prims\jni.cpp, line 531]
Event: 43.101 Thread 0x00000184c64aa6b0 Exception <a 'sun/nio/fs/WindowsException'{0x000000008d29b3c0}> (0x000000008d29b3c0) 
thrown [s\src\hotspot\share\prims\jni.cpp, line 531]
Event: 43.102 Thread 0x00000184c64aa6b0 Exception <a 'sun/nio/fs/WindowsException'{0x000000008d2ae7f8}> (0x000000008d2ae7f8) 
thrown [s\src\hotspot\share\prims\jni.cpp, line 531]
Event: 43.104 Thread 0x00000184c64aa6b0 Exception <a 'sun/nio/fs/WindowsException'{0x000000008d2bd718}> (0x000000008d2bd718) 
thrown [s\src\hotspot\share\prims\jni.cpp, line 531]
Event: 43.106 Thread 0x00000184c64aa6b0 Exception <a 'sun/nio/fs/WindowsException'{0x000000008d2c8e40}> (0x000000008d2c8e40) 
thrown [s\src\hotspot\share\prims\jni.cpp, line 531]
Event: 43.118 Thread 0x00000184c6169930 Exception <a 'java/lang/ClassNotFoundException'{0x000000008d149fe8}: ijInit1_583rg5s0srppob1w8gtbg54mnBeanInfo> (0x000000008d149fe8) 
thrown [s\src\hotspot\share\classfile\systemDictionary.cpp, line 256]
Event: 43.118 Thread 0x00000184c6169930 Exception <a 'java/lang/ClassNotFoundException'{0x000000008d1511d8}: ijInit1_583rg5s0srppob1w8gtbg54mnCustomizer> (0x000000008d1511d8) 
thrown [s\src\hotspot\share\classfile\systemDictionary.cpp, line 256]
Event: 43.150 Thread 0x00000184c6169930 Exception <a 'java/lang/ClassNotFoundException'{0x000000008d1950f8}: ijInit1_583rg5s0srppob1w8gtbg54mn$_run_closure1BeanInfo> (0x000000008d1950f8) 
thrown [s\src\hotspot\share\classfile\systemDictionary.cpp, line 256]
Event: 43.151 Thread 0x00000184c6169930 Exception <a 'java/lang/ClassNotFoundException'{0x000000008d19c730}: ijInit1_583rg5s0srppob1w8gtbg54mn$_run_closure1Customizer> (0x000000008d19c730) 
thrown [s\src\hotspot\share\classfile\systemDictionary.cpp, line 256]
Event: 44.938 Thread 0x00000184c8ee00f0 Exception <a 'sun/nio/fs/WindowsException'{0x000000008ca0b240}> (0x000000008ca0b240) 
thrown [s\src\hotspot\share\prims\jni.cpp, line 531]
Event: 44.942 Thread 0x00000184c8ee6630 Exception <a 'sun/nio/fs/WindowsException'{0x000000008c5068f8}> (0x000000008c5068f8) 
thrown [s\src\hotspot\share\prims\jni.cpp, line 531]
Event: 44.949 Thread 0x00000184c8ee2460 Exception <a 'sun/nio/fs/WindowsException'{0x000000008de6c020}> (0x000000008de6c020) 
thrown [s\src\hotspot\share\prims\jni.cpp, line 531]

VM Operations (20 events):
Event: 42.148 Executing VM operation: HandshakeAllThreads done
Event: 42.208 Executing VM operation: ICBufferFull
Event: 42.208 Executing VM operation: ICBufferFull done
Event: 42.284 Executing VM operation: HandshakeAllThreads
Event: 42.284 Executing VM operation: HandshakeAllThreads done
Event: 42.536 Executing VM operation: ICBufferFull
Event: 42.536 Executing VM operation: ICBufferFull done
Event: 42.913 Executing VM operation: G1CollectForAllocation
Event: 42.933 Executing VM operation: G1CollectForAllocation done
Event: 43.221 Executing VM operation: ICBufferFull
Event: 43.262 Executing VM operation: ICBufferFull done
Event: 43.706 Executing VM operation: G1CollectForAllocation
Event: 43.719 Executing VM operation: G1CollectForAllocation done
Event: 43.982 Executing VM operation: G1CollectForAllocation
Event: 44.042 Executing VM operation: G1CollectForAllocation done
Event: 44.390 Executing VM operation: G1CollectForAllocation
Event: 44.415 Executing VM operation: G1CollectForAllocation done
Event: 44.774 Executing VM operation: G1CollectForAllocation
Event: 44.829 Executing VM operation: G1CollectForAllocation done
Event: 44.969 Executing VM operation: G1CollectForAllocation

Events (20 events):
Event: 42.267 loading class java/util/stream/ReduceOps$CountingSink$OfRef
Event: 42.267 loading class java/util/stream/ReduceOps$CountingSink$OfRef done
Event: 42.275 loading class jdk/internal/vm/annotation/Stable
Event: 42.275 loading class jdk/internal/vm/annotation/Stable done
Event: 42.362 loading class java/io/CharArrayWriter
Event: 42.362 loading class java/io/CharArrayWriter done
Event: 43.201 Thread 0x00000184c64ad440 Thread added: 0x00000184c64ad440
Event: 43.202 Thread 0x00000184c64ade60 Thread added: 0x00000184c64ade60
Event: 43.203 Thread 0x00000184c64a7e30 Thread added: 0x00000184c64a7e30
Event: 43.203 Thread 0x00000184c64af7b0 Thread added: 0x00000184c64af7b0
Event: 43.203 Thread 0x00000184c64ae370 Thread added: 0x00000184c64ae370
Event: 43.204 Thread 0x00000184c64a8340 Thread added: 0x00000184c64a8340
Event: 43.204 Thread 0x00000184c8ee1530 Thread added: 0x00000184c8ee1530
Event: 44.551 Thread 0x00000184c8ee2e80 Thread added: 0x00000184c8ee2e80
Event: 44.552 Thread 0x00000184c8ee1f50 Thread added: 0x00000184c8ee1f50
Event: 44.552 Thread 0x00000184c8ee00f0 Thread added: 0x00000184c8ee00f0
Event: 44.552 Thread 0x00000184c8ee2460 Thread added: 0x00000184c8ee2460
Event: 44.553 Thread 0x00000184c8ee3390 Thread added: 0x00000184c8ee3390
Event: 44.553 Thread 0x00000184c8ee7050 Thread added: 0x00000184c8ee7050
Event: 44.553 Thread 0x00000184c8ee6630 Thread added: 0x00000184c8ee6630


Dynamic libraries:
0x00007ff643960000 - 0x00007ff64396a000 	C:\Program Files\Android\Android Studio\jbr\bin\java.exe
0x00007ffca76f0000 - 0x00007ffca7907000 	C:\WINDOWS\SYSTEM32\ntdll.dll
0x00007ffca6390000 - 0x00007ffca6454000 	C:\WINDOWS\System32\KERNEL32.DLL
0x00007ffca4fa0000 - 0x00007ffca5357000 	C:\WINDOWS\System32\KERNELBASE.dll
0x00007ffca4b50000 - 0x00007ffca4c61000 	C:\WINDOWS\System32\ucrtbase.dll
0x00007ffc50280000 - 0x00007ffc5029b000 	C:\Program Files\Android\Android Studio\jbr\bin\VCRUNTIME140.dll
0x00007ffc56250000 - 0x00007ffc56267000 	C:\Program Files\Android\Android Studio\jbr\bin\jli.dll
0x00007ffca71c0000 - 0x00007ffca736f000 	C:\WINDOWS\System32\USER32.dll
0x00007ffca4af0000 - 0x00007ffca4b16000 	C:\WINDOWS\System32\win32u.dll
0x00007ffca62d0000 - 0x00007ffca62f9000 	C:\WINDOWS\System32\GDI32.dll
0x00007ffca4de0000 - 0x00007ffca4ef8000 	C:\WINDOWS\System32\gdi32full.dll
0x00007ffca4f00000 - 0x00007ffca4f9a000 	C:\WINDOWS\System32\msvcp_win.dll
0x00007ffc85120000 - 0x00007ffc853b3000 	C:\WINDOWS\WinSxS\amd64_microsoft.windows.common-controls_6595b64144ccf1df_6.0.22621.3672_none_2713b9d173822955\COMCTL32.dll
0x00007ffca6b10000 - 0x00007ffca6bb7000 	C:\WINDOWS\System32\msvcrt.dll
0x00007ffca5540000 - 0x00007ffca5571000 	C:\WINDOWS\System32\IMM32.DLL
0x00007ffc6cd90000 - 0x00007ffc6cd9c000 	C:\Program Files\Android\Android Studio\jbr\bin\vcruntime140_1.dll
0x00007ffc3a1b0000 - 0x00007ffc3a23d000 	C:\Program Files\Android\Android Studio\jbr\bin\msvcp140.dll
0x00007ffc1d490000 - 0x00007ffc1e113000 	C:\Program Files\Android\Android Studio\jbr\bin\server\jvm.dll
0x00007ffca5990000 - 0x00007ffca5a42000 	C:\WINDOWS\System32\ADVAPI32.dll
0x00007ffca6bc0000 - 0x00007ffca6c68000 	C:\WINDOWS\System32\sechost.dll
0x00007ffca4b20000 - 0x00007ffca4b48000 	C:\WINDOWS\System32\bcrypt.dll
0x00007ffca69e0000 - 0x00007ffca6af4000 	C:\WINDOWS\System32\RPCRT4.dll
0x00007ffc9db70000 - 0x00007ffc9dba4000 	C:\WINDOWS\SYSTEM32\WINMM.dll
0x00007ffc76800000 - 0x00007ffc76809000 	C:\WINDOWS\SYSTEM32\WSOCK32.dll
0x00007ffca64e0000 - 0x00007ffca6551000 	C:\WINDOWS\System32\WS2_32.dll
0x00007ffca48d0000 - 0x00007ffca491d000 	C:\WINDOWS\SYSTEM32\POWRPROF.dll
0x00007ffc9d510000 - 0x00007ffc9d51a000 	C:\WINDOWS\SYSTEM32\VERSION.dll
0x00007ffca48b0000 - 0x00007ffca48c3000 	C:\WINDOWS\SYSTEM32\UMPDC.dll
0x00007ffca3a50000 - 0x00007ffca3a68000 	C:\WINDOWS\SYSTEM32\kernel.appcore.dll
0x00007ffc53dd0000 - 0x00007ffc53dda000 	C:\Program Files\Android\Android Studio\jbr\bin\jimage.dll
0x00007ffca2350000 - 0x00007ffca2582000 	C:\WINDOWS\SYSTEM32\DBGHELP.DLL
0x00007ffca6e30000 - 0x00007ffca71be000 	C:\WINDOWS\System32\combase.dll
0x00007ffca75c0000 - 0x00007ffca7697000 	C:\WINDOWS\System32\OLEAUT32.dll
0x00007ffc76810000 - 0x00007ffc76842000 	C:\WINDOWS\SYSTEM32\dbgcore.DLL
0x00007ffca4a70000 - 0x00007ffca4aeb000 	C:\WINDOWS\System32\bcryptPrimitives.dll
0x00007ffc56270000 - 0x00007ffc5627e000 	C:\Program Files\Android\Android Studio\jbr\bin\instrument.dll
0x00007ffc53da0000 - 0x00007ffc53dc5000 	C:\Program Files\Android\Android Studio\jbr\bin\java.dll
0x00007ffc53d80000 - 0x00007ffc53d98000 	C:\Program Files\Android\Android Studio\jbr\bin\zip.dll
0x00007ffca5a50000 - 0x00007ffca62b9000 	C:\WINDOWS\System32\SHELL32.dll
0x00007ffca2970000 - 0x00007ffca326f000 	C:\WINDOWS\SYSTEM32\windows.storage.dll
0x00007ffca2830000 - 0x00007ffca296f000 	C:\WINDOWS\SYSTEM32\wintypes.dll
0x00007ffca5420000 - 0x00007ffca5519000 	C:\WINDOWS\System32\SHCORE.dll
0x00007ffca6480000 - 0x00007ffca64de000 	C:\WINDOWS\System32\shlwapi.dll
0x00007ffca4930000 - 0x00007ffca4957000 	C:\WINDOWS\SYSTEM32\profapi.dll
0x00007ffc56730000 - 0x00007ffc56749000 	C:\Program Files\Android\Android Studio\jbr\bin\net.dll
0x00007ffc9ee00000 - 0x00007ffc9ef36000 	C:\WINDOWS\SYSTEM32\WINHTTP.dll
0x00007ffca3ec0000 - 0x00007ffca3f29000 	C:\WINDOWS\system32\mswsock.dll
0x00007ffc56710000 - 0x00007ffc56726000 	C:\Program Files\Android\Android Studio\jbr\bin\nio.dll
0x00007ffc56280000 - 0x00007ffc56290000 	C:\Program Files\Android\Android Studio\jbr\bin\verify.dll
0x00007ffc6cdd0000 - 0x00007ffc6cdf7000 	C:\Users\HP\.gradle\native\c067742578af261105cb4f569cf0c3c89f3d7b1fecec35dd04571415982c5e48\windows-amd64\native-platform.dll
0x00007ffc3e550000 - 0x00007ffc3e694000 	C:\Users\HP\.gradle\native\100fb08df4bc3b14c8652ba06237920a3bd2aa13389f12d3474272988ae205f9\windows-amd64\native-platform-file-events.dll
0x00007ffc562a0000 - 0x00007ffc562a9000 	C:\Program Files\Android\Android Studio\jbr\bin\management.dll
0x00007ffc56290000 - 0x00007ffc5629b000 	C:\Program Files\Android\Android Studio\jbr\bin\management_ext.dll
0x00007ffca62c0000 - 0x00007ffca62c8000 	C:\WINDOWS\System32\PSAPI.DLL
0x00007ffca4120000 - 0x00007ffca413b000 	C:\WINDOWS\SYSTEM32\CRYPTSP.dll
0x00007ffca39b0000 - 0x00007ffca39e5000 	C:\WINDOWS\system32\rsaenh.dll
0x00007ffca3fb0000 - 0x00007ffca3fd8000 	C:\WINDOWS\SYSTEM32\USERENV.dll
0x00007ffca4110000 - 0x00007ffca411c000 	C:\WINDOWS\SYSTEM32\CRYPTBASE.dll
0x00007ffca34d0000 - 0x00007ffca34fd000 	C:\WINDOWS\SYSTEM32\IPHLPAPI.DLL
0x00007ffca6b00000 - 0x00007ffca6b09000 	C:\WINDOWS\System32\NSI.dll
0x00007ffc9ddc0000 - 0x00007ffc9ddd9000 	C:\WINDOWS\SYSTEM32\dhcpcsvc6.DLL
0x00007ffc9dbb0000 - 0x00007ffc9dbcf000 	C:\WINDOWS\SYSTEM32\dhcpcsvc.DLL
0x00007ffca3500000 - 0x00007ffca3602000 	C:\WINDOWS\SYSTEM32\DNSAPI.dll
0x00007ffc56300000 - 0x00007ffc56309000 	C:\Program Files\Android\Android Studio\jbr\bin\extnet.dll
0x00007ffc564d0000 - 0x00007ffc564d8000 	C:\WINDOWS\system32\wshunix.dll
0x00007ffca3b60000 - 0x00007ffca3b94000 	C:\WINDOWS\SYSTEM32\ntmarta.dll

dbghelp: loaded successfully - version: 4.0.5 - missing functions: none
symbol engine: initialized successfully - sym options: 0x614 - pdb path: .;C:\Program Files\Android\Android Studio\jbr\bin;C:\WINDOWS\SYSTEM32;C:\WINDOWS\WinSxS\amd64_microsoft.windows.common-controls_6595b64144ccf1df_6.0.22621.3672_none_2713b9d173822955;C:\Program Files\Android\Android Studio\jbr\bin\server;C:\Users\HP\.gradle\native\c067742578af261105cb4f569cf0c3c89f3d7b1fecec35dd04571415982c5e48\windows-amd64;C:\Users\HP\.gradle\native\100fb08df4bc3b14c8652ba06237920a3bd2aa13389f12d3474272988ae205f9\windows-amd64

VM Arguments:
jvm_args: --add-opens=java.base/java.util=ALL-UNNAMED --add-opens=java.base/java.lang=ALL-UNNAMED --add-opens=java.base/java.lang.invoke=ALL-UNNAMED --add-opens=java.prefs/java.util.prefs=ALL-UNNAMED --add-exports=jdk.compiler/com.sun.tools.javac.api=ALL-UNNAMED --add-exports=jdk.compiler/com.sun.tools.javac.util=ALL-UNNAMED --add-opens=java.base/java.nio.charset=ALL-UNNAMED --add-opens=java.base/java.net=ALL-UNNAMED --add-opens=java.base/java.util.concurrent.atomic=ALL-UNNAMED -Xmx2048m -Dfile.encoding=UTF-8 -Duser.country=US -Duser.language=en -Duser.variant -javaagent:C:\Users\HP\.gradle\wrapper\dists\gradle-8.9-bin\90cnw93cvbtalezasaz0blq0a\gradle-8.9\lib\agents\gradle-instrumentation-agent-8.9.jar 
java_command: org.gradle.launcher.daemon.bootstrap.GradleDaemon 8.9
java_class_path (initial): C:\Users\HP\.gradle\wrapper\dists\gradle-8.9-bin\90cnw93cvbtalezasaz0blq0a\gradle-8.9\lib\gradle-daemon-main-8.9.jar
Launcher Type: SUN_STANDARD

[Global flags]
     intx CICompilerCount                          = 4                                         {product} {ergonomic}
     uint ConcGCThreads                            = 2                                         {product} {ergonomic}
     uint G1ConcRefinementThreads                  = 8                                         {product} {ergonomic}
   size_t G1HeapRegionSize                         = 1048576                                   {product} {ergonomic}
    uintx GCDrainStackTargetSize                   = 64                                        {product} {ergonomic}
   size_t InitialHeapSize                          = 65011712                                  {product} {ergonomic}
   size_t MarkStackSize                            = 4194304                                   {product} {ergonomic}
   size_t MaxHeapSize                              = 2147483648                                {product} {command line}
   size_t MaxNewSize                               = 1287651328                                {product} {ergonomic}
   size_t MinHeapDeltaBytes                        = 1048576                                   {product} {ergonomic}
   size_t MinHeapSize                              = 8388608                                   {product} {ergonomic}
    uintx NonNMethodCodeHeapSize                   = 5839372                                {pd product} {ergonomic}
    uintx NonProfiledCodeHeapSize                  = 122909434                              {pd product} {ergonomic}
    uintx ProfiledCodeHeapSize                     = 122909434                              {pd product} {ergonomic}
    uintx ReservedCodeCacheSize                    = 251658240                              {pd product} {ergonomic}
     bool SegmentedCodeCache                       = true                                      {product} {ergonomic}
   size_t SoftMaxHeapSize                          = 2147483648                             {manageable} {ergonomic}
     bool UseCompressedClassPointers               = true                           {product lp64_product} {ergonomic}
     bool UseCompressedOops                        = true                           {product lp64_product} {ergonomic}
     bool UseG1GC                                  = true                                      {product} {ergonomic}
     bool UseLargePagesIndividualAllocation        = false                                  {pd product} {ergonomic}

Logging:
Log output configuration:
 #0: stdout all=warning uptime,level,tags
 #1: stderr all=off uptime,level,tags

Environment Variables:
PATH=C:\WINDOWS\system32;C:\WINDOWS;C:\WINDOWS\System32\Wbem;C:\WINDOWS\System32\WindowsPowerShell\v1.0\;C:\WINDOWS\System32\OpenSSH\;C:\Program Files\dotnet\;C:\Program Files\Microsoft SQL Server\Client SDK\ODBC\170\Tools\Binn\;C:\Program Files\Microsoft SQL Server\Client SDK\ODBC\110\Tools\Binn\;C:\Program Files (x86)\Microsoft SQL Server\120\Tools\Binn\;C:\Program Files\Microsoft SQL Server\120\Tools\Binn\;C:\Program Files\Microsoft SQL Server\120\DTS\Binn\;C:\Program Files (x86)\Microsoft SQL Server\120\Tools\Binn\ManagementStudio\;C:\Program Files (x86)\Microsoft SQL Server\120\DTS\Binn\;C:\Program Files\HP\HP One Agent;C:\Users\HP\AppData\Local\Microsoft\WindowsApps;C:\Users\HP\.dotnet\tools;C:\Users\HP\AppData\Local\Programs\Microsoft VS Code\bin
USERNAME=HP
OS=Windows_NT
PROCESSOR_IDENTIFIER=Intel64 Family 6 Model 140 Stepping 1, GenuineIntel
TMP=C:\Users\HP\AppData\Local\Temp
TEMP=C:\Users\HP\AppData\Local\Temp



Periodic native trim disabled

JNI global refs:
JNI global refs: 28, weak refs: 39

JNI global refs memory usage: 843, weak refs: 1473

Process memory usage:
Resident Set Size: 278820K (7% of 3954680K total physical memory with 115536K free physical memory)

OOME stack traces (most recent first):
Classloader memory used:
Loader org.gradle.internal.classloader.VisitableURLClassLoader                         : 4048K
Loader bootstrap                                                                       : 2489K
Loader org.gradle.initialization.MixInLegacyTypesClassLoader                           : 781K
Loader org.gradle.internal.classloader.VisitableURLClassLoader                         : 86735B
Loader jdk.internal.loader.ClassLoaders$PlatformClassLoader                            : 65391B
Loader jdk.internal.reflect.DelegatingClassLoader                                      : 29601B
Loader jdk.internal.loader.ClassLoaders$AppClassLoader                                 : 28700B
Loader org.gradle.groovy.scripts.internal.DefaultScriptCompilationHandler$ScriptClassLoader: 8838B
Loader groovy.lang.GroovyClassLoader$InnerLoader                                       : 2536B
Loader org.codehaus.groovy.runtime.callsite.CallSiteClassLoader                        : 876B

Classes loaded by more than one classloader:
Class org.gradle.api.GradleException                                                  : loaded 3 times (x 80B)
Class org.gradle.util.GradleVersion                                                   : loaded 2 times (x 81B)
Class kotlin.collections.AbstractList                                                 : loaded 2 times (x 157B)
Class kotlin.collections.AbstractCollection                                           : loaded 2 times (x 115B)
Class org.gradle.internal.classpath.ClassPath                                         : loaded 2 times (x 68B)
Class org.gradle.api.internal.classpath.DefaultModuleRegistry                         : loaded 2 times (x 81B)
Class org.gradle.internal.exceptions.NonGradleCauseExceptionsHolder                   : loaded 2 times (x 68B)
Class kotlin.enums.EnumEntries                                                        : loaded 2 times (x 68B)
Class org.gradle.api.Action                                                           : loaded 2 times (x 68B)
Class kotlin.enums.EnumEntriesKt                                                      : loaded 2 times (x 69B)
Class org.gradle.api.internal.DefaultClassPathProvider                                : loaded 2 times (x 74B)
Class org.gradle.internal.installation.GradleInstallation$1                           : loaded 2 times (x 73B)
Class org.gradle.internal.exceptions.DefaultMultiCauseException                       : loaded 2 times (x 93B)
Class org.gradle.internal.time.MonotonicClock                                         : loaded 2 times (x 75B)
Class org.gradle.internal.classloader.FilteringClassLoader                            : loaded 2 times (x 103B)
Class org.gradle.internal.classpath.DefaultClassPath$ImmutableUniqueList$Builder      : loaded 2 times (x 73B)
Class kotlin.UninitializedPropertyAccessException                                     : loaded 2 times (x 80B)
Class org.gradle.internal.classloader.ClassLoaderVisitor                              : loaded 2 times (x 74B)
Class _BuildScript_                                                                   : loaded 2 times (x 171B)
Class org.gradle.internal.time.DefaultCountdownTimer                                  : loaded 2 times (x 86B)
Class _BuildScript_$_run_closure1                                                     : loaded 2 times (x 130B)
Class org.gradle.internal.service.DefaultServiceLocator                               : loaded 2 times (x 81B)
Class org.gradle.internal.service.UnknownServiceException                             : loaded 2 times (x 81B)
Class org.gradle.internal.classloader.DefaultClassLoaderFactory                       : loaded 2 times (x 80B)
Class org.gradle.internal.classloader.VisitableURLClassLoader$Spec                    : loaded 2 times (x 72B)
Class org.gradle.tooling.model.ProjectModel                                           : loaded 2 times (x 68B)
Class org.gradle.internal.installation.GradleInstallation                             : loaded 2 times (x 73B)
Class org.gradle.api.internal.classpath.ModuleRegistry                                : loaded 2 times (x 68B)
Class kotlin.jvm.internal.markers.KMappedMarker                                       : loaded 2 times (x 68B)
Class org.gradle.api.internal.ClassPathProvider                                       : loaded 2 times (x 68B)
Class org.gradle.internal.classloader.ClasspathUtil$1                                 : loaded 2 times (x 74B)
Class org.gradle.internal.classloader.ClassLoaderFactory                              : loaded 2 times (x 68B)
Class org.gradle.api.internal.classpath.ManifestUtil                                  : loaded 2 times (x 69B)
Class org.gradle.api.specs.Spec                                                       : loaded 2 times (x 68B)
Class kotlin.jvm.internal.Intrinsics                                                  : loaded 2 times (x 69B)
Class org.gradle.internal.IoActions                                                   : loaded 2 times (x 69B)
Class org.gradle.api.internal.classpath.EffectiveClassPath                            : loaded 2 times (x 88B)
Class org.gradle.internal.exceptions.ResolutionProvider                               : loaded 2 times (x 68B)
Class org.gradle.internal.installation.CurrentGradleInstallation                      : loaded 2 times (x 71B)
Class org.gradle.internal.agents.InstrumentingClassLoader                             : loaded 2 times (x 68B)
Class org.gradle.internal.installation.CurrentGradleInstallationLocator               : loaded 2 times (x 69B)
Class org.gradle.api.internal.classpath.Module                                        : loaded 2 times (x 68B)
Class org.gradle.internal.service.CachingServiceLocator                               : loaded 2 times (x 80B)
Class org.gradle.internal.time.Timer                                                  : loaded 2 times (x 68B)
Class org.gradle.internal.classpath.DefaultClassPath                                  : loaded 2 times (x 88B)
Class kotlin.enums.EnumEntriesList                                                    : loaded 2 times (x 183B)
Class org.gradle.internal.time.Time                                                   : loaded 2 times (x 69B)
Class sync_studio_tooling9_cx7eaii657o9vatamoblhuwvw$_run_closure1                    : loaded 2 times (x 137B)
Class org.gradle.internal.time.TimeSource$1                                           : loaded 2 times (x 75B)
Class kotlin.KotlinNullPointerException                                               : loaded 2 times (x 81B)
Class org.gradle.internal.classloader.SystemClassLoaderSpec                           : loaded 2 times (x 69B)
Class kotlin.Function                                                                 : loaded 2 times (x 68B)
Class org.gradle.api.UncheckedIOException                                             : loaded 2 times (x 80B)
Class org.gradle.internal.time.CountdownTimer                                         : loaded 2 times (x 68B)
Class org.gradle.internal.time.Clock                                                  : loaded 2 times (x 68B)
Class org.gradle.internal.classloader.ClasspathUtil                                   : loaded 2 times (x 69B)
Class org.gradle.api.internal.DefaultClassPathRegistry                                : loaded 2 times (x 74B)
Class org.gradle.api.internal.classpath.DefaultModuleRegistry$DefaultModule           : loaded 2 times (x 84B)
Class org.gradle.internal.time.TimeSource                                             : loaded 2 times (x 68B)
Class org.gradle.api.internal.classpath.UnknownModuleException                        : loaded 2 times (x 80B)
Class org.gradle.internal.service.ServiceLookupException                              : loaded 2 times (x 80B)
Class [Lorg.gradle.api.internal.ClassPathProvider;                                    : loaded 2 times (x 67B)
Class org.gradle.internal.operations.MultipleBuildOperationFailures                   : loaded 2 times (x 93B)
Class org.gradle.util.internal.GUtil                                                  : loaded 2 times (x 69B)
Class org.gradle.internal.classloader.ClassLoaderSpec                                 : loaded 2 times (x 69B)
Class sync_studio_tooling9_cx7eaii657o9vatamoblhuwvw                                  : loaded 2 times (x 177B)
Class org.gradle.internal.classloader.VisitableURLClassLoader                         : loaded 2 times (x 115B)
Class org.gradle.internal.Cast                                                        : loaded 2 times (x 69B)
Class org.gradle.api.internal.ClassPathRegistry                                       : loaded 2 times (x 68B)
Class org.gradle.internal.classloader.VisitableURLClassLoader$InstrumentingVisitableURLClassLoader: loaded 2 times (x 121B)
Class org.gradle.internal.classloader.ClassLoaderHierarchy                            : loaded 2 times (x 68B)
Class org.gradle.internal.exceptions.MultiCauseException                              : loaded 2 times (x 68B)
Class org.gradle.internal.InternalTransformer                                         : loaded 2 times (x 68B)
Class org.gradle.internal.service.ServiceLocator                                      : loaded 2 times (x 68B)
Class org.gradle.internal.classpath.DefaultClassPath$ImmutableUniqueList              : loaded 2 times (x 159B)
Class org.gradle.internal.time.DefaultTimer                                           : loaded 2 times (x 78B)
Class org.gradle.internal.classpath.TransformedClassPath                              : loaded 2 times (x 94B)
Class kotlin.collections.AbstractList$Companion                                       : loaded 2 times (x 69B)


---------------  S Y S T E M  ---------------

OS:
 Windows 11 , 64 bit Build 22621 (10.0.22621.3958)
OS uptime: 0 days 2:39 hours

CPU: total 8 (initial active 8) (4 cores per cpu, 2 threads per core) family 6 model 140 stepping 1 microcode 0xa4, cx8, cmov, fxsr, ht, mmx, 3dnowpref, sse, sse2, sse3, ssse3, sse4.1, sse4.2, popcnt, lzcnt, tsc, tscinvbit, avx, avx2, aes, erms, clmul, bmi1, bmi2, adx, avx512f, avx512dq, avx512cd, avx512bw, avx512vl, sha, fma, vzeroupper, avx512_vpopcntdq, avx512_vpclmulqdq, avx512_vaes, avx512_vnni, clflush, clflushopt, clwb, avx512_vbmi2, avx512_vbmi
Processor Information for all 8 processors :
  Max Mhz: 1997, Current Mhz: 1997, Mhz Limit: 1997

Memory: 4k page, system-wide physical 3861M (104M free)
TotalPageFile size 15637M (AvailPageFile size 110M)
current process WorkingSet (physical memory assigned to process): 274M, peak: 322M
current process commit charge ("private bytes"): 499M, peak: 720M

vm_info: OpenJDK 64-Bit Server VM (17.0.11+0--11852314) for windows-amd64 JRE (17.0.11+0--11852314), built on May 16 2024 21:29:20 by "androidbuild" with MS VC++ 16.10 / 16.11 (VS2019)

END.
